[13-Mar-2021 17:51:20 UTC] PHP Warning:  ftp_chmod(): CHMOD 777 /TP/wp-content/upgrade/wp-reset.1.86-9Yvgyk: Permission denied in /opt/lampp/htdocs/TP/wp-admin/includes/class-wp-filesystem-ftpext.php on line 288
[13-Mar-2021 17:51:20 UTC] PHP Warning:  ftp_chmod(): CHMOD 777 /TP/wp-content/upgrade/wp-reset.1.86-9Yvgyk/wp-reset: Permission denied in /opt/lampp/htdocs/TP/wp-admin/includes/class-wp-filesystem-ftpext.php on line 288
[13-Mar-2021 17:51:20 UTC] PHP Warning:  ftp_chmod(): CHMOD 777 /TP/wp-content/upgrade/wp-reset.1.86-9Yvgyk/wp-reset/css: Permission denied in /opt/lampp/htdocs/TP/wp-admin/includes/class-wp-filesystem-ftpext.php on line 288
[13-Mar-2021 17:51:20 UTC] PHP Warning:  ftp_chmod(): CHMOD 777 /TP/wp-content/upgrade/wp-reset.1.86-9Yvgyk/wp-reset/css/font: Permission denied in /opt/lampp/htdocs/TP/wp-admin/includes/class-wp-filesystem-ftpext.php on line 288
[13-Mar-2021 17:51:20 UTC] PHP Warning:  ftp_chmod(): CHMOD 777 /TP/wp-content/upgrade/wp-reset.1.86-9Yvgyk/wp-reset/img: Permission denied in /opt/lampp/htdocs/TP/wp-admin/includes/class-wp-filesystem-ftpext.php on line 288
[13-Mar-2021 17:51:20 UTC] PHP Warning:  ftp_chmod(): CHMOD 777 /TP/wp-content/upgrade/wp-reset.1.86-9Yvgyk/wp-reset/js: Permission denied in /opt/lampp/htdocs/TP/wp-admin/includes/class-wp-filesystem-ftpext.php on line 288
[13-Mar-2021 17:51:20 UTC] PHP Warning:  ftp_chmod(): CHMOD 777 /TP/wp-content/upgrade/wp-reset.1.86-9Yvgyk/wp-reset/libs: Permission denied in /opt/lampp/htdocs/TP/wp-admin/includes/class-wp-filesystem-ftpext.php on line 288
[13-Mar-2021 17:51:20 UTC] PHP Warning:  ftp_chmod(): CHMOD 777 /TP/wp-content/upgrade/wp-reset.1.86-9Yvgyk/wp-reset/libs/diff: Permission denied in /opt/lampp/htdocs/TP/wp-admin/includes/class-wp-filesystem-ftpext.php on line 288
[13-Mar-2021 17:51:20 UTC] PHP Warning:  ftp_chmod(): CHMOD 777 /TP/wp-content/upgrade/wp-reset.1.86-9Yvgyk/wp-reset/libs/diff/Renderer: Permission denied in /opt/lampp/htdocs/TP/wp-admin/includes/class-wp-filesystem-ftpext.php on line 288
[13-Mar-2021 17:51:20 UTC] PHP Warning:  ftp_chmod(): CHMOD 777 /TP/wp-content/upgrade/wp-reset.1.86-9Yvgyk/wp-reset/libs/diff/Renderer/Html: Permission denied in /opt/lampp/htdocs/TP/wp-admin/includes/class-wp-filesystem-ftpext.php on line 288
[13-Mar-2021 17:51:20 UTC] PHP Warning:  ftp_chmod(): CHMOD 777 /TP/wp-content/upgrade/wp-reset.1.86-9Yvgyk/wp-reset/libs/diff/Renderer/Text: Permission denied in /opt/lampp/htdocs/TP/wp-admin/includes/class-wp-filesystem-ftpext.php on line 288
[13-Mar-2021 17:51:20 UTC] PHP Warning:  ftp_chmod(): CHMOD 777 /TP/wp-content/upgrade/wp-reset.1.86-9Yvgyk/wp-reset/wf-flyout: Permission denied in /opt/lampp/htdocs/TP/wp-admin/includes/class-wp-filesystem-ftpext.php on line 288
[13-Mar-2021 17:51:20 UTC] PHP Warning:  ftp_chmod(): CHMOD 777 /TP/wp-content/upgrade/wp-reset.1.86-9Yvgyk/wp-reset/wf-flyout/icons: Permission denied in /opt/lampp/htdocs/TP/wp-admin/includes/class-wp-filesystem-ftpext.php on line 288
[13-Mar-2021 17:51:20 UTC] PHP Warning:  ftp_chmod(): CHMOD 644 /TP/wp-content/upgrade/wp-reset.1.86-9Yvgyk/wp-reset/css/font/fontello.eot: Permission denied in /opt/lampp/htdocs/TP/wp-admin/includes/class-wp-filesystem-ftpext.php on line 288
[13-Mar-2021 17:51:20 UTC] PHP Warning:  ftp_chmod(): CHMOD 644 /TP/wp-content/upgrade/wp-reset.1.86-9Yvgyk/wp-reset/css/font/fontello.svg: Permission denied in /opt/lampp/htdocs/TP/wp-admin/includes/class-wp-filesystem-ftpext.php on line 288
[13-Mar-2021 17:51:20 UTC] PHP Warning:  ftp_chmod(): CHMOD 644 /TP/wp-content/upgrade/wp-reset.1.86-9Yvgyk/wp-reset/css/font/fontello.ttf: Permission denied in /opt/lampp/htdocs/TP/wp-admin/includes/class-wp-filesystem-ftpext.php on line 288
[13-Mar-2021 17:51:20 UTC] PHP Warning:  ftp_chmod(): CHMOD 644 /TP/wp-content/upgrade/wp-reset.1.86-9Yvgyk/wp-reset/css/font/fontello.woff: Permission denied in /opt/lampp/htdocs/TP/wp-admin/includes/class-wp-filesystem-ftpext.php on line 288
[13-Mar-2021 17:51:20 UTC] PHP Warning:  ftp_chmod(): CHMOD 644 /TP/wp-content/upgrade/wp-reset.1.86-9Yvgyk/wp-reset/css/font/fontello.woff2: Permission denied in /opt/lampp/htdocs/TP/wp-admin/includes/class-wp-filesystem-ftpext.php on line 288
[13-Mar-2021 17:51:20 UTC] PHP Warning:  ftp_chmod(): CHMOD 644 /TP/wp-content/upgrade/wp-reset.1.86-9Yvgyk/wp-reset/css/index.php: Permission denied in /opt/lampp/htdocs/TP/wp-admin/includes/class-wp-filesystem-ftpext.php on line 288
[13-Mar-2021 17:51:20 UTC] PHP Warning:  ftp_chmod(): CHMOD 644 /TP/wp-content/upgrade/wp-reset.1.86-9Yvgyk/wp-reset/css/sweetalert2.min.css: Permission denied in /opt/lampp/htdocs/TP/wp-admin/includes/class-wp-filesystem-ftpext.php on line 288
[13-Mar-2021 17:51:20 UTC] PHP Warning:  ftp_chmod(): CHMOD 644 /TP/wp-content/upgrade/wp-reset.1.86-9Yvgyk/wp-reset/css/tooltipster.bundle.min.css: Permission denied in /opt/lampp/htdocs/TP/wp-admin/includes/class-wp-filesystem-ftpext.php on line 288
[13-Mar-2021 17:51:20 UTC] PHP Warning:  ftp_chmod(): CHMOD 644 /TP/wp-content/upgrade/wp-reset.1.86-9Yvgyk/wp-reset/css/wp-reset.css: Permission denied in /opt/lampp/htdocs/TP/wp-admin/includes/class-wp-filesystem-ftpext.php on line 288
[13-Mar-2021 17:51:20 UTC] PHP Warning:  ftp_chmod(): CHMOD 644 /TP/wp-content/upgrade/wp-reset.1.86-9Yvgyk/wp-reset/img/index.php: Permission denied in /opt/lampp/htdocs/TP/wp-admin/includes/class-wp-filesystem-ftpext.php on line 288
[13-Mar-2021 17:51:20 UTC] PHP Warning:  ftp_chmod(): CHMOD 644 /TP/wp-content/upgrade/wp-reset.1.86-9Yvgyk/wp-reset/img/wp-reset-icon.png: Permission denied in /opt/lampp/htdocs/TP/wp-admin/includes/class-wp-filesystem-ftpext.php on line 288
[13-Mar-2021 17:51:20 UTC] PHP Warning:  ftp_chmod(): CHMOD 644 /TP/wp-content/upgrade/wp-reset.1.86-9Yvgyk/wp-reset/img/wp-reset-logo.png: Permission denied in /opt/lampp/htdocs/TP/wp-admin/includes/class-wp-filesystem-ftpext.php on line 288
[13-Mar-2021 17:51:20 UTC] PHP Warning:  ftp_chmod(): CHMOD 644 /TP/wp-content/upgrade/wp-reset.1.86-9Yvgyk/wp-reset/index.php: Permission denied in /opt/lampp/htdocs/TP/wp-admin/includes/class-wp-filesystem-ftpext.php on line 288
[13-Mar-2021 17:51:20 UTC] PHP Warning:  ftp_chmod(): CHMOD 644 /TP/wp-content/upgrade/wp-reset.1.86-9Yvgyk/wp-reset/js/index.php: Permission denied in /opt/lampp/htdocs/TP/wp-admin/includes/class-wp-filesystem-ftpext.php on line 288
[13-Mar-2021 17:51:20 UTC] PHP Warning:  ftp_chmod(): CHMOD 644 /TP/wp-content/upgrade/wp-reset.1.86-9Yvgyk/wp-reset/js/wf-licensing.js: Permission denied in /opt/lampp/htdocs/TP/wp-admin/includes/class-wp-filesystem-ftpext.php on line 288
[13-Mar-2021 17:51:20 UTC] PHP Warning:  ftp_chmod(): CHMOD 644 /TP/wp-content/upgrade/wp-reset.1.86-9Yvgyk/wp-reset/js/wp-reset.js: Permission denied in /opt/lampp/htdocs/TP/wp-admin/includes/class-wp-filesystem-ftpext.php on line 288
[13-Mar-2021 17:51:20 UTC] PHP Warning:  ftp_chmod(): CHMOD 644 /TP/wp-content/upgrade/wp-reset.1.86-9Yvgyk/wp-reset/js/wp-reset-libs.min.js: Permission denied in /opt/lampp/htdocs/TP/wp-admin/includes/class-wp-filesystem-ftpext.php on line 288
[13-Mar-2021 17:51:20 UTC] PHP Warning:  ftp_chmod(): CHMOD 644 /TP/wp-content/upgrade/wp-reset.1.86-9Yvgyk/wp-reset/js/wp-reset-pointers.js: Permission denied in /opt/lampp/htdocs/TP/wp-admin/includes/class-wp-filesystem-ftpext.php on line 288
[13-Mar-2021 17:51:20 UTC] PHP Warning:  ftp_chmod(): CHMOD 644 /TP/wp-content/upgrade/wp-reset.1.86-9Yvgyk/wp-reset/libs/diff.php: Permission denied in /opt/lampp/htdocs/TP/wp-admin/includes/class-wp-filesystem-ftpext.php on line 288
[13-Mar-2021 17:51:20 UTC] PHP Warning:  ftp_chmod(): CHMOD 644 /TP/wp-content/upgrade/wp-reset.1.86-9Yvgyk/wp-reset/libs/diff/Renderer/Abstract.php: Permission denied in /opt/lampp/htdocs/TP/wp-admin/includes/class-wp-filesystem-ftpext.php on line 288
[13-Mar-2021 17:51:20 UTC] PHP Warning:  ftp_chmod(): CHMOD 644 /TP/wp-content/upgrade/wp-reset.1.86-9Yvgyk/wp-reset/libs/diff/Renderer/Html/Array.php: Permission denied in /opt/lampp/htdocs/TP/wp-admin/includes/class-wp-filesystem-ftpext.php on line 288
[13-Mar-2021 17:51:20 UTC] PHP Warning:  ftp_chmod(): CHMOD 644 /TP/wp-content/upgrade/wp-reset.1.86-9Yvgyk/wp-reset/libs/diff/Renderer/Html/Inline.php: Permission denied in /opt/lampp/htdocs/TP/wp-admin/includes/class-wp-filesystem-ftpext.php on line 288
[13-Mar-2021 17:51:20 UTC] PHP Warning:  ftp_chmod(): CHMOD 644 /TP/wp-content/upgrade/wp-reset.1.86-9Yvgyk/wp-reset/libs/diff/Renderer/Html/SideBySide.php: Permission denied in /opt/lampp/htdocs/TP/wp-admin/includes/class-wp-filesystem-ftpext.php on line 288
[13-Mar-2021 17:51:20 UTC] PHP Warning:  ftp_chmod(): CHMOD 644 /TP/wp-content/upgrade/wp-reset.1.86-9Yvgyk/wp-reset/libs/diff/Renderer/Text/Context.php: Permission denied in /opt/lampp/htdocs/TP/wp-admin/includes/class-wp-filesystem-ftpext.php on line 288
[13-Mar-2021 17:51:20 UTC] PHP Warning:  ftp_chmod(): CHMOD 644 /TP/wp-content/upgrade/wp-reset.1.86-9Yvgyk/wp-reset/libs/diff/Renderer/Text/Unified.php: Permission denied in /opt/lampp/htdocs/TP/wp-admin/includes/class-wp-filesystem-ftpext.php on line 288
[13-Mar-2021 17:51:20 UTC] PHP Warning:  ftp_chmod(): CHMOD 644 /TP/wp-content/upgrade/wp-reset.1.86-9Yvgyk/wp-reset/libs/diff/SequenceMatcher.php: Permission denied in /opt/lampp/htdocs/TP/wp-admin/includes/class-wp-filesystem-ftpext.php on line 288
[13-Mar-2021 17:51:20 UTC] PHP Warning:  ftp_chmod(): CHMOD 644 /TP/wp-content/upgrade/wp-reset.1.86-9Yvgyk/wp-reset/libs/dumper.php: Permission denied in /opt/lampp/htdocs/TP/wp-admin/includes/class-wp-filesystem-ftpext.php on line 288
[13-Mar-2021 17:51:20 UTC] PHP Warning:  ftp_chmod(): CHMOD 644 /TP/wp-content/upgrade/wp-reset.1.86-9Yvgyk/wp-reset/libs/index.php: Permission denied in /opt/lampp/htdocs/TP/wp-admin/includes/class-wp-filesystem-ftpext.php on line 288
[13-Mar-2021 17:51:20 UTC] PHP Warning:  ftp_chmod(): CHMOD 644 /TP/wp-content/upgrade/wp-reset.1.86-9Yvgyk/wp-reset/license.txt: Permission denied in /opt/lampp/htdocs/TP/wp-admin/includes/class-wp-filesystem-ftpext.php on line 288
[13-Mar-2021 17:51:20 UTC] PHP Warning:  ftp_chmod(): CHMOD 644 /TP/wp-content/upgrade/wp-reset.1.86-9Yvgyk/wp-reset/readme.txt: Permission denied in /opt/lampp/htdocs/TP/wp-admin/includes/class-wp-filesystem-ftpext.php on line 288
[13-Mar-2021 17:51:20 UTC] PHP Warning:  ftp_chmod(): CHMOD 644 /TP/wp-content/upgrade/wp-reset.1.86-9Yvgyk/wp-reset/wf-flyout/config.php: Permission denied in /opt/lampp/htdocs/TP/wp-admin/includes/class-wp-filesystem-ftpext.php on line 288
[13-Mar-2021 17:51:20 UTC] PHP Warning:  ftp_chmod(): CHMOD 644 /TP/wp-content/upgrade/wp-reset.1.86-9Yvgyk/wp-reset/wf-flyout/icons/301-logo.png: Permission denied in /opt/lampp/htdocs/TP/wp-admin/includes/class-wp-filesystem-ftpext.php on line 288
[13-Mar-2021 17:51:20 UTC] PHP Warning:  ftp_chmod(): CHMOD 644 /TP/wp-content/upgrade/wp-reset.1.86-9Yvgyk/wp-reset/wf-flyout/icons/ucp.png: Permission denied in /opt/lampp/htdocs/TP/wp-admin/includes/class-wp-filesystem-ftpext.php on line 288
[13-Mar-2021 17:51:20 UTC] PHP Warning:  ftp_chmod(): CHMOD 644 /TP/wp-content/upgrade/wp-reset.1.86-9Yvgyk/wp-reset/wf-flyout/icons/wp-reset.png: Permission denied in /opt/lampp/htdocs/TP/wp-admin/includes/class-wp-filesystem-ftpext.php on line 288
[13-Mar-2021 17:51:20 UTC] PHP Warning:  ftp_chmod(): CHMOD 644 /TP/wp-content/upgrade/wp-reset.1.86-9Yvgyk/wp-reset/wf-flyout/wf-flyout.css: Permission denied in /opt/lampp/htdocs/TP/wp-admin/includes/class-wp-filesystem-ftpext.php on line 288
[13-Mar-2021 17:51:20 UTC] PHP Warning:  ftp_chmod(): CHMOD 644 /TP/wp-content/upgrade/wp-reset.1.86-9Yvgyk/wp-reset/wf-flyout/wf-flyout.js: Permission denied in /opt/lampp/htdocs/TP/wp-admin/includes/class-wp-filesystem-ftpext.php on line 288
[13-Mar-2021 17:51:20 UTC] PHP Warning:  ftp_chmod(): CHMOD 644 /TP/wp-content/upgrade/wp-reset.1.86-9Yvgyk/wp-reset/wf-flyout/wf-flyout.php: Permission denied in /opt/lampp/htdocs/TP/wp-admin/includes/class-wp-filesystem-ftpext.php on line 288
[13-Mar-2021 17:51:20 UTC] PHP Warning:  ftp_chmod(): CHMOD 644 /TP/wp-content/upgrade/wp-reset.1.86-9Yvgyk/wp-reset/wp-reset-cli.php: Permission denied in /opt/lampp/htdocs/TP/wp-admin/includes/class-wp-filesystem-ftpext.php on line 288
[13-Mar-2021 17:51:20 UTC] PHP Warning:  ftp_chmod(): CHMOD 644 /TP/wp-content/upgrade/wp-reset.1.86-9Yvgyk/wp-reset/wp-reset-licensing.php: Permission denied in /opt/lampp/htdocs/TP/wp-admin/includes/class-wp-filesystem-ftpext.php on line 288
[13-Mar-2021 17:51:20 UTC] PHP Warning:  ftp_chmod(): CHMOD 644 /TP/wp-content/upgrade/wp-reset.1.86-9Yvgyk/wp-reset/wp-reset.php: Permission denied in /opt/lampp/htdocs/TP/wp-admin/includes/class-wp-filesystem-ftpext.php on line 288
[13-Mar-2021 17:51:20 UTC] PHP Warning:  ftp_chmod(): CHMOD 644 /TP/wp-content/upgrade/wp-reset.1.86-9Yvgyk/wp-reset/wp-reset-utility.php: Permission denied in /opt/lampp/htdocs/TP/wp-admin/includes/class-wp-filesystem-ftpext.php on line 288
[13-Mar-2021 17:51:20 UTC] PHP Warning:  ftp_chmod(): CHMOD 777 /TP/wp-content/plugins/wp-reset: Permission denied in /opt/lampp/htdocs/TP/wp-admin/includes/class-wp-filesystem-ftpext.php on line 288
[13-Mar-2021 17:51:20 UTC] PHP Warning:  ftp_chmod(): CHMOD 777 /TP/wp-content/plugins/wp-reset/css: Permission denied in /opt/lampp/htdocs/TP/wp-admin/includes/class-wp-filesystem-ftpext.php on line 288
[13-Mar-2021 17:51:20 UTC] PHP Warning:  ftp_chmod(): CHMOD 777 /TP/wp-content/plugins/wp-reset/css/font: Permission denied in /opt/lampp/htdocs/TP/wp-admin/includes/class-wp-filesystem-ftpext.php on line 288
[13-Mar-2021 17:51:20 UTC] PHP Warning:  ftp_chmod(): CHMOD 644 /TP/wp-content/plugins/wp-reset/css/font/fontello.eot: Permission denied in /opt/lampp/htdocs/TP/wp-admin/includes/class-wp-filesystem-ftpext.php on line 288
[13-Mar-2021 17:51:20 UTC] PHP Warning:  ftp_chmod(): CHMOD 644 /TP/wp-content/plugins/wp-reset/css/font/fontello.svg: Permission denied in /opt/lampp/htdocs/TP/wp-admin/includes/class-wp-filesystem-ftpext.php on line 288
[13-Mar-2021 17:51:20 UTC] PHP Warning:  ftp_chmod(): CHMOD 644 /TP/wp-content/plugins/wp-reset/css/font/fontello.ttf: Permission denied in /opt/lampp/htdocs/TP/wp-admin/includes/class-wp-filesystem-ftpext.php on line 288
[13-Mar-2021 17:51:20 UTC] PHP Warning:  ftp_chmod(): CHMOD 644 /TP/wp-content/plugins/wp-reset/css/font/fontello.woff: Permission denied in /opt/lampp/htdocs/TP/wp-admin/includes/class-wp-filesystem-ftpext.php on line 288
[13-Mar-2021 17:51:20 UTC] PHP Warning:  ftp_chmod(): CHMOD 644 /TP/wp-content/plugins/wp-reset/css/font/fontello.woff2: Permission denied in /opt/lampp/htdocs/TP/wp-admin/includes/class-wp-filesystem-ftpext.php on line 288
[13-Mar-2021 17:51:20 UTC] PHP Warning:  ftp_chmod(): CHMOD 644 /TP/wp-content/plugins/wp-reset/css/index.php: Permission denied in /opt/lampp/htdocs/TP/wp-admin/includes/class-wp-filesystem-ftpext.php on line 288
[13-Mar-2021 17:51:20 UTC] PHP Warning:  ftp_chmod(): CHMOD 644 /TP/wp-content/plugins/wp-reset/css/sweetalert2.min.css: Permission denied in /opt/lampp/htdocs/TP/wp-admin/includes/class-wp-filesystem-ftpext.php on line 288
[13-Mar-2021 17:51:20 UTC] PHP Warning:  ftp_chmod(): CHMOD 644 /TP/wp-content/plugins/wp-reset/css/tooltipster.bundle.min.css: Permission denied in /opt/lampp/htdocs/TP/wp-admin/includes/class-wp-filesystem-ftpext.php on line 288
[13-Mar-2021 17:51:20 UTC] PHP Warning:  ftp_chmod(): CHMOD 644 /TP/wp-content/plugins/wp-reset/css/wp-reset.css: Permission denied in /opt/lampp/htdocs/TP/wp-admin/includes/class-wp-filesystem-ftpext.php on line 288
[13-Mar-2021 17:51:20 UTC] PHP Warning:  ftp_chmod(): CHMOD 777 /TP/wp-content/plugins/wp-reset/img: Permission denied in /opt/lampp/htdocs/TP/wp-admin/includes/class-wp-filesystem-ftpext.php on line 288
[13-Mar-2021 17:51:20 UTC] PHP Warning:  ftp_chmod(): CHMOD 644 /TP/wp-content/plugins/wp-reset/img/index.php: Permission denied in /opt/lampp/htdocs/TP/wp-admin/includes/class-wp-filesystem-ftpext.php on line 288
[13-Mar-2021 17:51:20 UTC] PHP Warning:  ftp_chmod(): CHMOD 644 /TP/wp-content/plugins/wp-reset/img/wp-reset-icon.png: Permission denied in /opt/lampp/htdocs/TP/wp-admin/includes/class-wp-filesystem-ftpext.php on line 288
[13-Mar-2021 17:51:20 UTC] PHP Warning:  ftp_chmod(): CHMOD 644 /TP/wp-content/plugins/wp-reset/img/wp-reset-logo.png: Permission denied in /opt/lampp/htdocs/TP/wp-admin/includes/class-wp-filesystem-ftpext.php on line 288
[13-Mar-2021 17:51:20 UTC] PHP Warning:  ftp_chmod(): CHMOD 644 /TP/wp-content/plugins/wp-reset/index.php: Permission denied in /opt/lampp/htdocs/TP/wp-admin/includes/class-wp-filesystem-ftpext.php on line 288
[13-Mar-2021 17:51:20 UTC] PHP Warning:  ftp_chmod(): CHMOD 777 /TP/wp-content/plugins/wp-reset/js: Permission denied in /opt/lampp/htdocs/TP/wp-admin/includes/class-wp-filesystem-ftpext.php on line 288
[13-Mar-2021 17:51:20 UTC] PHP Warning:  ftp_chmod(): CHMOD 644 /TP/wp-content/plugins/wp-reset/js/index.php: Permission denied in /opt/lampp/htdocs/TP/wp-admin/includes/class-wp-filesystem-ftpext.php on line 288
[13-Mar-2021 17:51:20 UTC] PHP Warning:  ftp_chmod(): CHMOD 644 /TP/wp-content/plugins/wp-reset/js/wf-licensing.js: Permission denied in /opt/lampp/htdocs/TP/wp-admin/includes/class-wp-filesystem-ftpext.php on line 288
[13-Mar-2021 17:51:20 UTC] PHP Warning:  ftp_chmod(): CHMOD 644 /TP/wp-content/plugins/wp-reset/js/wp-reset-libs.min.js: Permission denied in /opt/lampp/htdocs/TP/wp-admin/includes/class-wp-filesystem-ftpext.php on line 288
[13-Mar-2021 17:51:20 UTC] PHP Warning:  ftp_chmod(): CHMOD 644 /TP/wp-content/plugins/wp-reset/js/wp-reset-pointers.js: Permission denied in /opt/lampp/htdocs/TP/wp-admin/includes/class-wp-filesystem-ftpext.php on line 288
[13-Mar-2021 17:51:20 UTC] PHP Warning:  ftp_chmod(): CHMOD 644 /TP/wp-content/plugins/wp-reset/js/wp-reset.js: Permission denied in /opt/lampp/htdocs/TP/wp-admin/includes/class-wp-filesystem-ftpext.php on line 288
[13-Mar-2021 17:51:20 UTC] PHP Warning:  ftp_chmod(): CHMOD 777 /TP/wp-content/plugins/wp-reset/libs: Permission denied in /opt/lampp/htdocs/TP/wp-admin/includes/class-wp-filesystem-ftpext.php on line 288
[13-Mar-2021 17:51:20 UTC] PHP Warning:  ftp_chmod(): CHMOD 777 /TP/wp-content/plugins/wp-reset/libs/diff: Permission denied in /opt/lampp/htdocs/TP/wp-admin/includes/class-wp-filesystem-ftpext.php on line 288
[13-Mar-2021 17:51:20 UTC] PHP Warning:  ftp_chmod(): CHMOD 777 /TP/wp-content/plugins/wp-reset/libs/diff/Renderer: Permission denied in /opt/lampp/htdocs/TP/wp-admin/includes/class-wp-filesystem-ftpext.php on line 288
[13-Mar-2021 17:51:20 UTC] PHP Warning:  ftp_chmod(): CHMOD 644 /TP/wp-content/plugins/wp-reset/libs/diff/Renderer/Abstract.php: Permission denied in /opt/lampp/htdocs/TP/wp-admin/includes/class-wp-filesystem-ftpext.php on line 288
[13-Mar-2021 17:51:20 UTC] PHP Warning:  ftp_chmod(): CHMOD 777 /TP/wp-content/plugins/wp-reset/libs/diff/Renderer/Html: Permission denied in /opt/lampp/htdocs/TP/wp-admin/includes/class-wp-filesystem-ftpext.php on line 288
[13-Mar-2021 17:51:20 UTC] PHP Warning:  ftp_chmod(): CHMOD 644 /TP/wp-content/plugins/wp-reset/libs/diff/Renderer/Html/Array.php: Permission denied in /opt/lampp/htdocs/TP/wp-admin/includes/class-wp-filesystem-ftpext.php on line 288
[13-Mar-2021 17:51:20 UTC] PHP Warning:  ftp_chmod(): CHMOD 644 /TP/wp-content/plugins/wp-reset/libs/diff/Renderer/Html/Inline.php: Permission denied in /opt/lampp/htdocs/TP/wp-admin/includes/class-wp-filesystem-ftpext.php on line 288
[13-Mar-2021 17:51:20 UTC] PHP Warning:  ftp_chmod(): CHMOD 644 /TP/wp-content/plugins/wp-reset/libs/diff/Renderer/Html/SideBySide.php: Permission denied in /opt/lampp/htdocs/TP/wp-admin/includes/class-wp-filesystem-ftpext.php on line 288
[13-Mar-2021 17:51:20 UTC] PHP Warning:  ftp_chmod(): CHMOD 777 /TP/wp-content/plugins/wp-reset/libs/diff/Renderer/Text: Permission denied in /opt/lampp/htdocs/TP/wp-admin/includes/class-wp-filesystem-ftpext.php on line 288
[13-Mar-2021 17:51:20 UTC] PHP Warning:  ftp_chmod(): CHMOD 644 /TP/wp-content/plugins/wp-reset/libs/diff/Renderer/Text/Context.php: Permission denied in /opt/lampp/htdocs/TP/wp-admin/includes/class-wp-filesystem-ftpext.php on line 288
[13-Mar-2021 17:51:20 UTC] PHP Warning:  ftp_chmod(): CHMOD 644 /TP/wp-content/plugins/wp-reset/libs/diff/Renderer/Text/Unified.php: Permission denied in /opt/lampp/htdocs/TP/wp-admin/includes/class-wp-filesystem-ftpext.php on line 288
[13-Mar-2021 17:51:20 UTC] PHP Warning:  ftp_chmod(): CHMOD 644 /TP/wp-content/plugins/wp-reset/libs/diff/SequenceMatcher.php: Permission denied in /opt/lampp/htdocs/TP/wp-admin/includes/class-wp-filesystem-ftpext.php on line 288
[13-Mar-2021 17:51:20 UTC] PHP Warning:  ftp_chmod(): CHMOD 644 /TP/wp-content/plugins/wp-reset/libs/diff.php: Permission denied in /opt/lampp/htdocs/TP/wp-admin/includes/class-wp-filesystem-ftpext.php on line 288
[13-Mar-2021 17:51:20 UTC] PHP Warning:  ftp_chmod(): CHMOD 644 /TP/wp-content/plugins/wp-reset/libs/dumper.php: Permission denied in /opt/lampp/htdocs/TP/wp-admin/includes/class-wp-filesystem-ftpext.php on line 288
[13-Mar-2021 17:51:20 UTC] PHP Warning:  ftp_chmod(): CHMOD 644 /TP/wp-content/plugins/wp-reset/libs/index.php: Permission denied in /opt/lampp/htdocs/TP/wp-admin/includes/class-wp-filesystem-ftpext.php on line 288
[13-Mar-2021 17:51:20 UTC] PHP Warning:  ftp_chmod(): CHMOD 644 /TP/wp-content/plugins/wp-reset/license.txt: Permission denied in /opt/lampp/htdocs/TP/wp-admin/includes/class-wp-filesystem-ftpext.php on line 288
[13-Mar-2021 17:51:20 UTC] PHP Warning:  ftp_chmod(): CHMOD 644 /TP/wp-content/plugins/wp-reset/readme.txt: Permission denied in /opt/lampp/htdocs/TP/wp-admin/includes/class-wp-filesystem-ftpext.php on line 288
[13-Mar-2021 17:51:20 UTC] PHP Warning:  ftp_chmod(): CHMOD 777 /TP/wp-content/plugins/wp-reset/wf-flyout: Permission denied in /opt/lampp/htdocs/TP/wp-admin/includes/class-wp-filesystem-ftpext.php on line 288
[13-Mar-2021 17:51:20 UTC] PHP Warning:  ftp_chmod(): CHMOD 644 /TP/wp-content/plugins/wp-reset/wf-flyout/config.php: Permission denied in /opt/lampp/htdocs/TP/wp-admin/includes/class-wp-filesystem-ftpext.php on line 288
[13-Mar-2021 17:51:20 UTC] PHP Warning:  ftp_chmod(): CHMOD 777 /TP/wp-content/plugins/wp-reset/wf-flyout/icons: Permission denied in /opt/lampp/htdocs/TP/wp-admin/includes/class-wp-filesystem-ftpext.php on line 288
[13-Mar-2021 17:51:20 UTC] PHP Warning:  ftp_chmod(): CHMOD 644 /TP/wp-content/plugins/wp-reset/wf-flyout/icons/301-logo.png: Permission denied in /opt/lampp/htdocs/TP/wp-admin/includes/class-wp-filesystem-ftpext.php on line 288
[13-Mar-2021 17:51:20 UTC] PHP Warning:  ftp_chmod(): CHMOD 644 /TP/wp-content/plugins/wp-reset/wf-flyout/icons/ucp.png: Permission denied in /opt/lampp/htdocs/TP/wp-admin/includes/class-wp-filesystem-ftpext.php on line 288
[13-Mar-2021 17:51:20 UTC] PHP Warning:  ftp_chmod(): CHMOD 644 /TP/wp-content/plugins/wp-reset/wf-flyout/icons/wp-reset.png: Permission denied in /opt/lampp/htdocs/TP/wp-admin/includes/class-wp-filesystem-ftpext.php on line 288
[13-Mar-2021 17:51:20 UTC] PHP Warning:  ftp_chmod(): CHMOD 644 /TP/wp-content/plugins/wp-reset/wf-flyout/wf-flyout.css: Permission denied in /opt/lampp/htdocs/TP/wp-admin/includes/class-wp-filesystem-ftpext.php on line 288
[13-Mar-2021 17:51:20 UTC] PHP Warning:  ftp_chmod(): CHMOD 644 /TP/wp-content/plugins/wp-reset/wf-flyout/wf-flyout.js: Permission denied in /opt/lampp/htdocs/TP/wp-admin/includes/class-wp-filesystem-ftpext.php on line 288
[13-Mar-2021 17:51:20 UTC] PHP Warning:  ftp_chmod(): CHMOD 644 /TP/wp-content/plugins/wp-reset/wf-flyout/wf-flyout.php: Permission denied in /opt/lampp/htdocs/TP/wp-admin/includes/class-wp-filesystem-ftpext.php on line 288
[13-Mar-2021 17:51:20 UTC] PHP Warning:  ftp_chmod(): CHMOD 644 /TP/wp-content/plugins/wp-reset/wp-reset-cli.php: Permission denied in /opt/lampp/htdocs/TP/wp-admin/includes/class-wp-filesystem-ftpext.php on line 288
[13-Mar-2021 17:51:20 UTC] PHP Warning:  ftp_chmod(): CHMOD 644 /TP/wp-content/plugins/wp-reset/wp-reset-licensing.php: Permission denied in /opt/lampp/htdocs/TP/wp-admin/includes/class-wp-filesystem-ftpext.php on line 288
[13-Mar-2021 17:51:20 UTC] PHP Warning:  ftp_chmod(): CHMOD 644 /TP/wp-content/plugins/wp-reset/wp-reset-utility.php: Permission denied in /opt/lampp/htdocs/TP/wp-admin/includes/class-wp-filesystem-ftpext.php on line 288
[13-Mar-2021 17:51:20 UTC] PHP Warning:  ftp_chmod(): CHMOD 644 /TP/wp-content/plugins/wp-reset/wp-reset.php: Permission denied in /opt/lampp/htdocs/TP/wp-admin/includes/class-wp-filesystem-ftpext.php on line 288
[13-Mar-2021 17:56:33 UTC] PHP Warning:  ftp_chmod(): CHMOD 777 /TP/wp-content/upgrade/fr_FR-8qYoCv: Permission denied in /opt/lampp/htdocs/TP/wp-admin/includes/class-wp-filesystem-ftpext.php on line 288
[13-Mar-2021 17:56:33 UTC] PHP Warning:  ftp_chmod(): CHMOD 644 /TP/wp-content/upgrade/fr_FR-8qYoCv/wordpress-importer-fr_FR.po: Permission denied in /opt/lampp/htdocs/TP/wp-admin/includes/class-wp-filesystem-ftpext.php on line 288
[13-Mar-2021 17:56:33 UTC] PHP Warning:  ftp_chmod(): CHMOD 644 /TP/wp-content/upgrade/fr_FR-8qYoCv/wordpress-importer-fr_FR.mo: Permission denied in /opt/lampp/htdocs/TP/wp-admin/includes/class-wp-filesystem-ftpext.php on line 288
[13-Mar-2021 17:56:33 UTC] PHP Warning:  ftp_fput(): /TP/wp-content/languages/plugins/wordpress-importer-fr_FR.mo: Permission denied in /opt/lampp/htdocs/TP/wp-admin/includes/class-wp-filesystem-ftpext.php on line 212
[13-Mar-2021 17:56:33 UTC] PHP Warning:  ftp_chmod(): /TP/wp-content/languages/plugins/wordpress-importer-fr_FR.mo: No such file or directory in /opt/lampp/htdocs/TP/wp-admin/includes/class-wp-filesystem-ftpext.php on line 288
[13-Mar-2021 17:56:33 UTC] PHP Warning:  ftp_chmod(): /TP/wp-content/languages/plugins/wordpress-importer-fr_FR.mo: No such file or directory in /opt/lampp/htdocs/TP/wp-admin/includes/class-wp-filesystem-ftpext.php on line 288
[13-Mar-2021 17:56:33 UTC] PHP Warning:  ftp_fput(): /TP/wp-content/languages/plugins/wordpress-importer-fr_FR.mo: Permission denied in /opt/lampp/htdocs/TP/wp-admin/includes/class-wp-filesystem-ftpext.php on line 212
[13-Mar-2021 17:56:33 UTC] PHP Warning:  ftp_chmod(): /TP/wp-content/languages/plugins/wordpress-importer-fr_FR.mo: No such file or directory in /opt/lampp/htdocs/TP/wp-admin/includes/class-wp-filesystem-ftpext.php on line 288
[13-Mar-2021 17:56:34 UTC] PHP Warning:  ftp_chmod(): CHMOD 777 /TP/wp-content/upgrade/fr_FR-X3sY9w: Permission denied in /opt/lampp/htdocs/TP/wp-admin/includes/class-wp-filesystem-ftpext.php on line 288
[13-Mar-2021 17:56:34 UTC] PHP Warning:  ftp_chmod(): CHMOD 644 /TP/wp-content/upgrade/fr_FR-X3sY9w/wp-reset-fr_FR.po: Permission denied in /opt/lampp/htdocs/TP/wp-admin/includes/class-wp-filesystem-ftpext.php on line 288
[13-Mar-2021 17:56:34 UTC] PHP Warning:  ftp_chmod(): CHMOD 644 /TP/wp-content/upgrade/fr_FR-X3sY9w/wp-reset-fr_FR.mo: Permission denied in /opt/lampp/htdocs/TP/wp-admin/includes/class-wp-filesystem-ftpext.php on line 288
[13-Mar-2021 17:56:34 UTC] PHP Warning:  ftp_fput(): /TP/wp-content/languages/plugins/wp-reset-fr_FR.mo: Permission denied in /opt/lampp/htdocs/TP/wp-admin/includes/class-wp-filesystem-ftpext.php on line 212
[13-Mar-2021 17:56:34 UTC] PHP Warning:  ftp_chmod(): /TP/wp-content/languages/plugins/wp-reset-fr_FR.mo: No such file or directory in /opt/lampp/htdocs/TP/wp-admin/includes/class-wp-filesystem-ftpext.php on line 288
[13-Mar-2021 17:56:34 UTC] PHP Warning:  ftp_chmod(): /TP/wp-content/languages/plugins/wp-reset-fr_FR.mo: No such file or directory in /opt/lampp/htdocs/TP/wp-admin/includes/class-wp-filesystem-ftpext.php on line 288
[13-Mar-2021 17:56:34 UTC] PHP Warning:  ftp_fput(): /TP/wp-content/languages/plugins/wp-reset-fr_FR.mo: Permission denied in /opt/lampp/htdocs/TP/wp-admin/includes/class-wp-filesystem-ftpext.php on line 212
[13-Mar-2021 17:56:34 UTC] PHP Warning:  ftp_chmod(): /TP/wp-content/languages/plugins/wp-reset-fr_FR.mo: No such file or directory in /opt/lampp/htdocs/TP/wp-admin/includes/class-wp-filesystem-ftpext.php on line 288
[13-Mar-2021 17:56:44 UTC] PHP Warning:  ftp_chmod(): CHMOD 777 /TP/wp-content/upgrade/fr_FR-R3lyLu: Permission denied in /opt/lampp/htdocs/TP/wp-admin/includes/class-wp-filesystem-ftpext.php on line 288
[13-Mar-2021 17:56:44 UTC] PHP Warning:  ftp_chmod(): CHMOD 644 /TP/wp-content/upgrade/fr_FR-R3lyLu/wordpress-importer-fr_FR.po: Permission denied in /opt/lampp/htdocs/TP/wp-admin/includes/class-wp-filesystem-ftpext.php on line 288
[13-Mar-2021 17:56:44 UTC] PHP Warning:  ftp_chmod(): CHMOD 644 /TP/wp-content/upgrade/fr_FR-R3lyLu/wordpress-importer-fr_FR.mo: Permission denied in /opt/lampp/htdocs/TP/wp-admin/includes/class-wp-filesystem-ftpext.php on line 288
[13-Mar-2021 17:56:44 UTC] PHP Warning:  ftp_fput(): /TP/wp-content/languages/plugins/wordpress-importer-fr_FR.mo: Permission denied in /opt/lampp/htdocs/TP/wp-admin/includes/class-wp-filesystem-ftpext.php on line 212
[13-Mar-2021 17:56:44 UTC] PHP Warning:  ftp_chmod(): /TP/wp-content/languages/plugins/wordpress-importer-fr_FR.mo: No such file or directory in /opt/lampp/htdocs/TP/wp-admin/includes/class-wp-filesystem-ftpext.php on line 288
[13-Mar-2021 17:56:44 UTC] PHP Warning:  ftp_chmod(): /TP/wp-content/languages/plugins/wordpress-importer-fr_FR.mo: No such file or directory in /opt/lampp/htdocs/TP/wp-admin/includes/class-wp-filesystem-ftpext.php on line 288
[13-Mar-2021 17:56:44 UTC] PHP Warning:  ftp_fput(): /TP/wp-content/languages/plugins/wordpress-importer-fr_FR.mo: Permission denied in /opt/lampp/htdocs/TP/wp-admin/includes/class-wp-filesystem-ftpext.php on line 212
[13-Mar-2021 17:56:44 UTC] PHP Warning:  ftp_chmod(): /TP/wp-content/languages/plugins/wordpress-importer-fr_FR.mo: No such file or directory in /opt/lampp/htdocs/TP/wp-admin/includes/class-wp-filesystem-ftpext.php on line 288
[13-Mar-2021 17:56:44 UTC] PHP Warning:  ftp_chmod(): CHMOD 777 /TP/wp-content/upgrade/fr_FR-yTRFUg: Permission denied in /opt/lampp/htdocs/TP/wp-admin/includes/class-wp-filesystem-ftpext.php on line 288
[13-Mar-2021 17:56:44 UTC] PHP Warning:  ftp_chmod(): CHMOD 644 /TP/wp-content/upgrade/fr_FR-yTRFUg/wp-reset-fr_FR.po: Permission denied in /opt/lampp/htdocs/TP/wp-admin/includes/class-wp-filesystem-ftpext.php on line 288
[13-Mar-2021 17:56:44 UTC] PHP Warning:  ftp_chmod(): CHMOD 644 /TP/wp-content/upgrade/fr_FR-yTRFUg/wp-reset-fr_FR.mo: Permission denied in /opt/lampp/htdocs/TP/wp-admin/includes/class-wp-filesystem-ftpext.php on line 288
[13-Mar-2021 17:56:45 UTC] PHP Warning:  ftp_fput(): /TP/wp-content/languages/plugins/wp-reset-fr_FR.mo: Permission denied in /opt/lampp/htdocs/TP/wp-admin/includes/class-wp-filesystem-ftpext.php on line 212
[13-Mar-2021 17:56:45 UTC] PHP Warning:  ftp_chmod(): /TP/wp-content/languages/plugins/wp-reset-fr_FR.mo: No such file or directory in /opt/lampp/htdocs/TP/wp-admin/includes/class-wp-filesystem-ftpext.php on line 288
[13-Mar-2021 17:56:45 UTC] PHP Warning:  ftp_chmod(): /TP/wp-content/languages/plugins/wp-reset-fr_FR.mo: No such file or directory in /opt/lampp/htdocs/TP/wp-admin/includes/class-wp-filesystem-ftpext.php on line 288
[13-Mar-2021 17:56:45 UTC] PHP Warning:  ftp_fput(): /TP/wp-content/languages/plugins/wp-reset-fr_FR.mo: Permission denied in /opt/lampp/htdocs/TP/wp-admin/includes/class-wp-filesystem-ftpext.php on line 212
[13-Mar-2021 17:56:45 UTC] PHP Warning:  ftp_chmod(): /TP/wp-content/languages/plugins/wp-reset-fr_FR.mo: No such file or directory in /opt/lampp/htdocs/TP/wp-admin/includes/class-wp-filesystem-ftpext.php on line 288
[13-Mar-2021 18:09:04 UTC] PHP Fatal error:  Uncaught Error: Call to undefined function submit_button() in /opt/lampp/htdocs/TP/wp-admin/includes/file.php:2304
Stack trace:
#0 /opt/lampp/htdocs/TP/wp-admin/includes/class-wp-upgrader-skin.php(139): request_filesystem_credentials('', 'ftpext', false, '/opt/lampp/htdo...', Array, false)
#1 /opt/lampp/htdocs/TP/wp-admin/includes/class-automatic-upgrader-skin.php(49): WP_Upgrader_Skin->request_filesystem_credentials(false, '/opt/lampp/htdo...', false)
#2 /opt/lampp/htdocs/TP/wp-admin/includes/class-wp-site-health-auto-updates.php(282): Automatic_Upgrader_Skin->request_filesystem_credentials(false, '/opt/lampp/htdo...')
#3 /opt/lampp/htdocs/TP/wp-admin/includes/class-wp-site-health-auto-updates.php(36): WP_Site_Health_Auto_Updates->test_check_wp_filesystem_method()
#4 /opt/lampp/htdocs/TP/wp-admin/includes/class-wp-site-health.php(1817): WP_Site_Health_Auto_Updates->run_tests()
#5 /opt/lampp/htdocs/TP/wp-includes/rest-api/endpoints/class-wp-rest-site-health-controller.php(194): WP_Site_Health->get_test_background_updates()
#6 /opt/lampp/htdocs/TP/wp-includes/rest-api/class-wp-rest-server.php(1139): WP_REST_Site_Health_Controller->test_background_updates(Object(WP_REST_Request))
#7 /opt/lampp/htdocs/TP/wp-includes/rest-api/class-wp-rest-server.php(985): WP_REST_Server->respond_to_request(Object(WP_REST_Request), '/wp-site-health...', Array, NULL)
#8 /opt/lampp/htdocs/TP/wp-includes/rest-api/class-wp-rest-server.php(412): WP_REST_Server->dispatch(Object(WP_REST_Request))
#9 /opt/lampp/htdocs/TP/wp-includes/rest-api.php(354): WP_REST_Server->serve_request('/wp-site-health...')
#10 /opt/lampp/htdocs/TP/wp-includes/class-wp-hook.php(292): rest_api_loaded(Object(WP))
#11 /opt/lampp/htdocs/TP/wp-includes/class-wp-hook.php(316): WP_Hook->apply_filters('', Array)
#12 /opt/lampp/htdocs/TP/wp-includes/plugin.php(551): WP_Hook->do_action(Array)
#13 /opt/lampp/htdocs/TP/wp-includes/class-wp.php(388): do_action_ref_array('parse_request', Array)
#14 /opt/lampp/htdocs/TP/wp-includes/class-wp.php(750): WP->parse_request('')
#15 /opt/lampp/htdocs/TP/wp-includes/functions.php(1291): WP->main('')
#16 /opt/lampp/htdocs/TP/wp-blog-header.php(16): wp()
#17 /opt/lampp/htdocs/TP/index.php(17): require('/opt/lampp/htdo...')
#18 {main}
  thrown in /opt/lampp/htdocs/TP/wp-admin/includes/file.php on line 2304
[13-Mar-2021 18:24:59 UTC] PHP Warning:  ftp_chmod(): CHMOD 777 /TP/wp-content/upgrade/theme-tp: Permission denied in /opt/lampp/htdocs/TP/wp-admin/includes/class-wp-filesystem-ftpext.php on line 288
[13-Mar-2021 18:24:59 UTC] PHP Warning:  ftp_chmod(): CHMOD 777 /TP/wp-content/upgrade/theme-tp/theme-tp: Permission denied in /opt/lampp/htdocs/TP/wp-admin/includes/class-wp-filesystem-ftpext.php on line 288
[13-Mar-2021 18:24:59 UTC] PHP Warning:  ftp_chmod(): CHMOD 777 /TP/wp-content/upgrade/theme-tp/theme-tp/inc: Permission denied in /opt/lampp/htdocs/TP/wp-admin/includes/class-wp-filesystem-ftpext.php on line 288
[13-Mar-2021 18:24:59 UTC] PHP Warning:  ftp_chmod(): CHMOD 777 /TP/wp-content/upgrade/theme-tp/theme-tp/js: Permission denied in /opt/lampp/htdocs/TP/wp-admin/includes/class-wp-filesystem-ftpext.php on line 288
[13-Mar-2021 18:24:59 UTC] PHP Warning:  ftp_chmod(): CHMOD 777 /TP/wp-content/upgrade/theme-tp/theme-tp/languages: Permission denied in /opt/lampp/htdocs/TP/wp-admin/includes/class-wp-filesystem-ftpext.php on line 288
[13-Mar-2021 18:24:59 UTC] PHP Warning:  ftp_chmod(): CHMOD 777 /TP/wp-content/upgrade/theme-tp/theme-tp/sass: Permission denied in /opt/lampp/htdocs/TP/wp-admin/includes/class-wp-filesystem-ftpext.php on line 288
[13-Mar-2021 18:24:59 UTC] PHP Warning:  ftp_chmod(): CHMOD 777 /TP/wp-content/upgrade/theme-tp/theme-tp/sass/abstracts: Permission denied in /opt/lampp/htdocs/TP/wp-admin/includes/class-wp-filesystem-ftpext.php on line 288
[13-Mar-2021 18:24:59 UTC] PHP Warning:  ftp_chmod(): CHMOD 777 /TP/wp-content/upgrade/theme-tp/theme-tp/sass/abstracts/mixins: Permission denied in /opt/lampp/htdocs/TP/wp-admin/includes/class-wp-filesystem-ftpext.php on line 288
[13-Mar-2021 18:24:59 UTC] PHP Warning:  ftp_chmod(): CHMOD 777 /TP/wp-content/upgrade/theme-tp/theme-tp/sass/abstracts/variables: Permission denied in /opt/lampp/htdocs/TP/wp-admin/includes/class-wp-filesystem-ftpext.php on line 288
[13-Mar-2021 18:24:59 UTC] PHP Warning:  ftp_chmod(): CHMOD 777 /TP/wp-content/upgrade/theme-tp/theme-tp/sass/base: Permission denied in /opt/lampp/htdocs/TP/wp-admin/includes/class-wp-filesystem-ftpext.php on line 288
[13-Mar-2021 18:24:59 UTC] PHP Warning:  ftp_chmod(): CHMOD 777 /TP/wp-content/upgrade/theme-tp/theme-tp/sass/base/elements: Permission denied in /opt/lampp/htdocs/TP/wp-admin/includes/class-wp-filesystem-ftpext.php on line 288
[13-Mar-2021 18:24:59 UTC] PHP Warning:  ftp_chmod(): CHMOD 777 /TP/wp-content/upgrade/theme-tp/theme-tp/sass/base/typography: Permission denied in /opt/lampp/htdocs/TP/wp-admin/includes/class-wp-filesystem-ftpext.php on line 288
[13-Mar-2021 18:24:59 UTC] PHP Warning:  ftp_chmod(): CHMOD 777 /TP/wp-content/upgrade/theme-tp/theme-tp/sass/components: Permission denied in /opt/lampp/htdocs/TP/wp-admin/includes/class-wp-filesystem-ftpext.php on line 288
[13-Mar-2021 18:24:59 UTC] PHP Warning:  ftp_chmod(): CHMOD 777 /TP/wp-content/upgrade/theme-tp/theme-tp/sass/components/comments: Permission denied in /opt/lampp/htdocs/TP/wp-admin/includes/class-wp-filesystem-ftpext.php on line 288
[13-Mar-2021 18:24:59 UTC] PHP Warning:  ftp_chmod(): CHMOD 777 /TP/wp-content/upgrade/theme-tp/theme-tp/sass/components/content: Permission denied in /opt/lampp/htdocs/TP/wp-admin/includes/class-wp-filesystem-ftpext.php on line 288
[13-Mar-2021 18:24:59 UTC] PHP Warning:  ftp_chmod(): CHMOD 777 /TP/wp-content/upgrade/theme-tp/theme-tp/sass/components/media: Permission denied in /opt/lampp/htdocs/TP/wp-admin/includes/class-wp-filesystem-ftpext.php on line 288
[13-Mar-2021 18:24:59 UTC] PHP Warning:  ftp_chmod(): CHMOD 777 /TP/wp-content/upgrade/theme-tp/theme-tp/sass/components/navigation: Permission denied in /opt/lampp/htdocs/TP/wp-admin/includes/class-wp-filesystem-ftpext.php on line 288
[13-Mar-2021 18:24:59 UTC] PHP Warning:  ftp_chmod(): CHMOD 777 /TP/wp-content/upgrade/theme-tp/theme-tp/sass/components/widgets: Permission denied in /opt/lampp/htdocs/TP/wp-admin/includes/class-wp-filesystem-ftpext.php on line 288
[13-Mar-2021 18:24:59 UTC] PHP Warning:  ftp_chmod(): CHMOD 777 /TP/wp-content/upgrade/theme-tp/theme-tp/sass/generic: Permission denied in /opt/lampp/htdocs/TP/wp-admin/includes/class-wp-filesystem-ftpext.php on line 288
[13-Mar-2021 18:24:59 UTC] PHP Warning:  ftp_chmod(): CHMOD 777 /TP/wp-content/upgrade/theme-tp/theme-tp/sass/layouts: Permission denied in /opt/lampp/htdocs/TP/wp-admin/includes/class-wp-filesystem-ftpext.php on line 288
[13-Mar-2021 18:24:59 UTC] PHP Warning:  ftp_chmod(): CHMOD 777 /TP/wp-content/upgrade/theme-tp/theme-tp/sass/plugins: Permission denied in /opt/lampp/htdocs/TP/wp-admin/includes/class-wp-filesystem-ftpext.php on line 288
[13-Mar-2021 18:24:59 UTC] PHP Warning:  ftp_chmod(): CHMOD 777 /TP/wp-content/upgrade/theme-tp/theme-tp/sass/plugins/jetpack: Permission denied in /opt/lampp/htdocs/TP/wp-admin/includes/class-wp-filesystem-ftpext.php on line 288
[13-Mar-2021 18:24:59 UTC] PHP Warning:  ftp_chmod(): CHMOD 777 /TP/wp-content/upgrade/theme-tp/theme-tp/sass/plugins/woocommerce: Permission denied in /opt/lampp/htdocs/TP/wp-admin/includes/class-wp-filesystem-ftpext.php on line 288
[13-Mar-2021 18:24:59 UTC] PHP Warning:  ftp_chmod(): CHMOD 777 /TP/wp-content/upgrade/theme-tp/theme-tp/sass/utilities: Permission denied in /opt/lampp/htdocs/TP/wp-admin/includes/class-wp-filesystem-ftpext.php on line 288
[13-Mar-2021 18:24:59 UTC] PHP Warning:  ftp_chmod(): CHMOD 777 /TP/wp-content/upgrade/theme-tp/theme-tp/template-parts: Permission denied in /opt/lampp/htdocs/TP/wp-admin/includes/class-wp-filesystem-ftpext.php on line 288
[13-Mar-2021 18:24:59 UTC] PHP Warning:  ftp_chmod(): CHMOD 644 /TP/wp-content/upgrade/theme-tp/theme-tp/page.php: Permission denied in /opt/lampp/htdocs/TP/wp-admin/includes/class-wp-filesystem-ftpext.php on line 288
[13-Mar-2021 18:24:59 UTC] PHP Warning:  ftp_chmod(): CHMOD 644 /TP/wp-content/upgrade/theme-tp/theme-tp/README.md: Permission denied in /opt/lampp/htdocs/TP/wp-admin/includes/class-wp-filesystem-ftpext.php on line 288
[13-Mar-2021 18:24:59 UTC] PHP Warning:  ftp_chmod(): CHMOD 644 /TP/wp-content/upgrade/theme-tp/theme-tp/archive.php: Permission denied in /opt/lampp/htdocs/TP/wp-admin/includes/class-wp-filesystem-ftpext.php on line 288
[13-Mar-2021 18:24:59 UTC] PHP Warning:  ftp_chmod(): CHMOD 644 /TP/wp-content/upgrade/theme-tp/theme-tp/.stylelintrc.json: Permission denied in /opt/lampp/htdocs/TP/wp-admin/includes/class-wp-filesystem-ftpext.php on line 288
[13-Mar-2021 18:24:59 UTC] PHP Warning:  ftp_chmod(): CHMOD 644 /TP/wp-content/upgrade/theme-tp/theme-tp/languages/theme-tp.pot: Permission denied in /opt/lampp/htdocs/TP/wp-admin/includes/class-wp-filesystem-ftpext.php on line 288
[13-Mar-2021 18:24:59 UTC] PHP Warning:  ftp_chmod(): CHMOD 644 /TP/wp-content/upgrade/theme-tp/theme-tp/languages/readme.txt: Permission denied in /opt/lampp/htdocs/TP/wp-admin/includes/class-wp-filesystem-ftpext.php on line 288
[13-Mar-2021 18:24:59 UTC] PHP Warning:  ftp_chmod(): CHMOD 644 /TP/wp-content/upgrade/theme-tp/theme-tp/composer.json: Permission denied in /opt/lampp/htdocs/TP/wp-admin/includes/class-wp-filesystem-ftpext.php on line 288
[13-Mar-2021 18:24:59 UTC] PHP Warning:  ftp_chmod(): CHMOD 644 /TP/wp-content/upgrade/theme-tp/theme-tp/.eslintrc: Permission denied in /opt/lampp/htdocs/TP/wp-admin/includes/class-wp-filesystem-ftpext.php on line 288
[13-Mar-2021 18:25:00 UTC] PHP Warning:  ftp_chmod(): CHMOD 644 /TP/wp-content/upgrade/theme-tp/theme-tp/sass/style.scss: Permission denied in /opt/lampp/htdocs/TP/wp-admin/includes/class-wp-filesystem-ftpext.php on line 288
[13-Mar-2021 18:25:00 UTC] PHP Warning:  ftp_chmod(): CHMOD 644 /TP/wp-content/upgrade/theme-tp/theme-tp/sass/components/media/_captions.scss: Permission denied in /opt/lampp/htdocs/TP/wp-admin/includes/class-wp-filesystem-ftpext.php on line 288
[13-Mar-2021 18:25:00 UTC] PHP Warning:  ftp_chmod(): CHMOD 644 /TP/wp-content/upgrade/theme-tp/theme-tp/sass/components/media/_media.scss: Permission denied in /opt/lampp/htdocs/TP/wp-admin/includes/class-wp-filesystem-ftpext.php on line 288
[13-Mar-2021 18:25:00 UTC] PHP Warning:  ftp_chmod(): CHMOD 644 /TP/wp-content/upgrade/theme-tp/theme-tp/sass/components/media/_galleries.scss: Permission denied in /opt/lampp/htdocs/TP/wp-admin/includes/class-wp-filesystem-ftpext.php on line 288
[13-Mar-2021 18:25:00 UTC] PHP Warning:  ftp_chmod(): CHMOD 644 /TP/wp-content/upgrade/theme-tp/theme-tp/sass/components/comments/_comments.scss: Permission denied in /opt/lampp/htdocs/TP/wp-admin/includes/class-wp-filesystem-ftpext.php on line 288
[13-Mar-2021 18:25:00 UTC] PHP Warning:  ftp_chmod(): CHMOD 644 /TP/wp-content/upgrade/theme-tp/theme-tp/sass/components/navigation/_navigation.scss: Permission denied in /opt/lampp/htdocs/TP/wp-admin/includes/class-wp-filesystem-ftpext.php on line 288
[13-Mar-2021 18:25:00 UTC] PHP Warning:  ftp_chmod(): CHMOD 644 /TP/wp-content/upgrade/theme-tp/theme-tp/sass/components/content/_posts-and-pages.scss: Permission denied in /opt/lampp/htdocs/TP/wp-admin/includes/class-wp-filesystem-ftpext.php on line 288
[13-Mar-2021 18:25:00 UTC] PHP Warning:  ftp_chmod(): CHMOD 644 /TP/wp-content/upgrade/theme-tp/theme-tp/sass/components/_components.scss: Permission denied in /opt/lampp/htdocs/TP/wp-admin/includes/class-wp-filesystem-ftpext.php on line 288
[13-Mar-2021 18:25:00 UTC] PHP Warning:  ftp_chmod(): CHMOD 644 /TP/wp-content/upgrade/theme-tp/theme-tp/sass/components/widgets/_widgets.scss: Permission denied in /opt/lampp/htdocs/TP/wp-admin/includes/class-wp-filesystem-ftpext.php on line 288
[13-Mar-2021 18:25:00 UTC] PHP Warning:  ftp_chmod(): CHMOD 644 /TP/wp-content/upgrade/theme-tp/theme-tp/sass/plugins/woocommerce/_checkout.scss: Permission denied in /opt/lampp/htdocs/TP/wp-admin/includes/class-wp-filesystem-ftpext.php on line 288
[13-Mar-2021 18:25:00 UTC] PHP Warning:  ftp_chmod(): CHMOD 644 /TP/wp-content/upgrade/theme-tp/theme-tp/sass/plugins/woocommerce/_widgets.scss: Permission denied in /opt/lampp/htdocs/TP/wp-admin/includes/class-wp-filesystem-ftpext.php on line 288
[13-Mar-2021 18:25:00 UTC] PHP Warning:  ftp_chmod(): CHMOD 644 /TP/wp-content/upgrade/theme-tp/theme-tp/sass/plugins/woocommerce/_products.scss: Permission denied in /opt/lampp/htdocs/TP/wp-admin/includes/class-wp-filesystem-ftpext.php on line 288
[13-Mar-2021 18:25:00 UTC] PHP Warning:  ftp_chmod(): CHMOD 644 /TP/wp-content/upgrade/theme-tp/theme-tp/sass/plugins/woocommerce/_components.scss: Permission denied in /opt/lampp/htdocs/TP/wp-admin/includes/class-wp-filesystem-ftpext.php on line 288
[13-Mar-2021 18:25:00 UTC] PHP Warning:  ftp_chmod(): CHMOD 644 /TP/wp-content/upgrade/theme-tp/theme-tp/sass/plugins/woocommerce/_tables.scss: Permission denied in /opt/lampp/htdocs/TP/wp-admin/includes/class-wp-filesystem-ftpext.php on line 288
[13-Mar-2021 18:25:00 UTC] PHP Warning:  ftp_chmod(): CHMOD 644 /TP/wp-content/upgrade/theme-tp/theme-tp/sass/plugins/woocommerce/_single-product.scss: Permission denied in /opt/lampp/htdocs/TP/wp-admin/includes/class-wp-filesystem-ftpext.php on line 288
[13-Mar-2021 18:25:00 UTC] PHP Warning:  ftp_chmod(): CHMOD 644 /TP/wp-content/upgrade/theme-tp/theme-tp/sass/plugins/jetpack/_infinite-scroll.scss: Permission denied in /opt/lampp/htdocs/TP/wp-admin/includes/class-wp-filesystem-ftpext.php on line 288
[13-Mar-2021 18:25:00 UTC] PHP Warning:  ftp_chmod(): CHMOD 644 /TP/wp-content/upgrade/theme-tp/theme-tp/sass/layouts/_content-sidebar.scss: Permission denied in /opt/lampp/htdocs/TP/wp-admin/includes/class-wp-filesystem-ftpext.php on line 288
[13-Mar-2021 18:25:00 UTC] PHP Warning:  ftp_chmod(): CHMOD 644 /TP/wp-content/upgrade/theme-tp/theme-tp/sass/layouts/_no-sidebar.scss: Permission denied in /opt/lampp/htdocs/TP/wp-admin/includes/class-wp-filesystem-ftpext.php on line 288
[13-Mar-2021 18:25:00 UTC] PHP Warning:  ftp_chmod(): CHMOD 644 /TP/wp-content/upgrade/theme-tp/theme-tp/sass/layouts/_sidebar-content.scss: Permission denied in /opt/lampp/htdocs/TP/wp-admin/includes/class-wp-filesystem-ftpext.php on line 288
[13-Mar-2021 18:25:00 UTC] PHP Warning:  ftp_chmod(): CHMOD 644 /TP/wp-content/upgrade/theme-tp/theme-tp/sass/abstracts/_abstracts.scss: Permission denied in /opt/lampp/htdocs/TP/wp-admin/includes/class-wp-filesystem-ftpext.php on line 288
[13-Mar-2021 18:25:00 UTC] PHP Warning:  ftp_chmod(): CHMOD 644 /TP/wp-content/upgrade/theme-tp/theme-tp/sass/abstracts/mixins/_mixins.scss: Permission denied in /opt/lampp/htdocs/TP/wp-admin/includes/class-wp-filesystem-ftpext.php on line 288
[13-Mar-2021 18:25:00 UTC] PHP Warning:  ftp_chmod(): CHMOD 644 /TP/wp-content/upgrade/theme-tp/theme-tp/sass/abstracts/variables/_columns.scss: Permission denied in /opt/lampp/htdocs/TP/wp-admin/includes/class-wp-filesystem-ftpext.php on line 288
[13-Mar-2021 18:25:00 UTC] PHP Warning:  ftp_chmod(): CHMOD 644 /TP/wp-content/upgrade/theme-tp/theme-tp/sass/abstracts/variables/_typography.scss: Permission denied in /opt/lampp/htdocs/TP/wp-admin/includes/class-wp-filesystem-ftpext.php on line 288
[13-Mar-2021 18:25:00 UTC] PHP Warning:  ftp_chmod(): CHMOD 644 /TP/wp-content/upgrade/theme-tp/theme-tp/sass/abstracts/variables/_structure.scss: Permission denied in /opt/lampp/htdocs/TP/wp-admin/includes/class-wp-filesystem-ftpext.php on line 288
[13-Mar-2021 18:25:00 UTC] PHP Warning:  ftp_chmod(): CHMOD 644 /TP/wp-content/upgrade/theme-tp/theme-tp/sass/abstracts/variables/_colors.scss: Permission denied in /opt/lampp/htdocs/TP/wp-admin/includes/class-wp-filesystem-ftpext.php on line 288
[13-Mar-2021 18:25:00 UTC] PHP Warning:  ftp_chmod(): CHMOD 644 /TP/wp-content/upgrade/theme-tp/theme-tp/sass/generic/_normalize.scss: Permission denied in /opt/lampp/htdocs/TP/wp-admin/includes/class-wp-filesystem-ftpext.php on line 288
[13-Mar-2021 18:25:00 UTC] PHP Warning:  ftp_chmod(): CHMOD 644 /TP/wp-content/upgrade/theme-tp/theme-tp/sass/generic/_box-sizing.scss: Permission denied in /opt/lampp/htdocs/TP/wp-admin/includes/class-wp-filesystem-ftpext.php on line 288
[13-Mar-2021 18:25:00 UTC] PHP Warning:  ftp_chmod(): CHMOD 644 /TP/wp-content/upgrade/theme-tp/theme-tp/sass/base/elements/_fields.scss: Permission denied in /opt/lampp/htdocs/TP/wp-admin/includes/class-wp-filesystem-ftpext.php on line 288
[13-Mar-2021 18:25:00 UTC] PHP Warning:  ftp_chmod(): CHMOD 644 /TP/wp-content/upgrade/theme-tp/theme-tp/sass/base/elements/_lists.scss: Permission denied in /opt/lampp/htdocs/TP/wp-admin/includes/class-wp-filesystem-ftpext.php on line 288
[13-Mar-2021 18:25:00 UTC] PHP Warning:  ftp_chmod(): CHMOD 644 /TP/wp-content/upgrade/theme-tp/theme-tp/sass/base/elements/_links.scss: Permission denied in /opt/lampp/htdocs/TP/wp-admin/includes/class-wp-filesystem-ftpext.php on line 288
[13-Mar-2021 18:25:00 UTC] PHP Warning:  ftp_chmod(): CHMOD 644 /TP/wp-content/upgrade/theme-tp/theme-tp/sass/base/elements/_body.scss: Permission denied in /opt/lampp/htdocs/TP/wp-admin/includes/class-wp-filesystem-ftpext.php on line 288
[13-Mar-2021 18:25:00 UTC] PHP Warning:  ftp_chmod(): CHMOD 644 /TP/wp-content/upgrade/theme-tp/theme-tp/sass/base/elements/_hr.scss: Permission denied in /opt/lampp/htdocs/TP/wp-admin/includes/class-wp-filesystem-ftpext.php on line 288
[13-Mar-2021 18:25:00 UTC] PHP Warning:  ftp_chmod(): CHMOD 644 /TP/wp-content/upgrade/theme-tp/theme-tp/sass/base/elements/_buttons.scss: Permission denied in /opt/lampp/htdocs/TP/wp-admin/includes/class-wp-filesystem-ftpext.php on line 288
[13-Mar-2021 18:25:00 UTC] PHP Warning:  ftp_chmod(): CHMOD 644 /TP/wp-content/upgrade/theme-tp/theme-tp/sass/base/elements/_media.scss: Permission denied in /opt/lampp/htdocs/TP/wp-admin/includes/class-wp-filesystem-ftpext.php on line 288
[13-Mar-2021 18:25:00 UTC] PHP Warning:  ftp_chmod(): CHMOD 644 /TP/wp-content/upgrade/theme-tp/theme-tp/sass/base/elements/_tables.scss: Permission denied in /opt/lampp/htdocs/TP/wp-admin/includes/class-wp-filesystem-ftpext.php on line 288
[13-Mar-2021 18:25:00 UTC] PHP Warning:  ftp_chmod(): CHMOD 644 /TP/wp-content/upgrade/theme-tp/theme-tp/sass/base/_base.scss: Permission denied in /opt/lampp/htdocs/TP/wp-admin/includes/class-wp-filesystem-ftpext.php on line 288
[13-Mar-2021 18:25:00 UTC] PHP Warning:  ftp_chmod(): CHMOD 644 /TP/wp-content/upgrade/theme-tp/theme-tp/sass/base/typography/_copy.scss: Permission denied in /opt/lampp/htdocs/TP/wp-admin/includes/class-wp-filesystem-ftpext.php on line 288
[13-Mar-2021 18:25:00 UTC] PHP Warning:  ftp_chmod(): CHMOD 644 /TP/wp-content/upgrade/theme-tp/theme-tp/sass/base/typography/_typography.scss: Permission denied in /opt/lampp/htdocs/TP/wp-admin/includes/class-wp-filesystem-ftpext.php on line 288
[13-Mar-2021 18:25:00 UTC] PHP Warning:  ftp_chmod(): CHMOD 644 /TP/wp-content/upgrade/theme-tp/theme-tp/sass/base/typography/_headings.scss: Permission denied in /opt/lampp/htdocs/TP/wp-admin/includes/class-wp-filesystem-ftpext.php on line 288
[13-Mar-2021 18:25:00 UTC] PHP Warning:  ftp_chmod(): CHMOD 644 /TP/wp-content/upgrade/theme-tp/theme-tp/sass/utilities/_accessibility.scss: Permission denied in /opt/lampp/htdocs/TP/wp-admin/includes/class-wp-filesystem-ftpext.php on line 288
[13-Mar-2021 18:25:00 UTC] PHP Warning:  ftp_chmod(): CHMOD 644 /TP/wp-content/upgrade/theme-tp/theme-tp/sass/utilities/_alignments.scss: Permission denied in /opt/lampp/htdocs/TP/wp-admin/includes/class-wp-filesystem-ftpext.php on line 288
[13-Mar-2021 18:25:00 UTC] PHP Warning:  ftp_chmod(): CHMOD 644 /TP/wp-content/upgrade/theme-tp/theme-tp/template-parts/content-page.php: Permission denied in /opt/lampp/htdocs/TP/wp-admin/includes/class-wp-filesystem-ftpext.php on line 288
[13-Mar-2021 18:25:00 UTC] PHP Warning:  ftp_chmod(): CHMOD 644 /TP/wp-content/upgrade/theme-tp/theme-tp/template-parts/content-search.php: Permission denied in /opt/lampp/htdocs/TP/wp-admin/includes/class-wp-filesystem-ftpext.php on line 288
[13-Mar-2021 18:25:00 UTC] PHP Warning:  ftp_chmod(): CHMOD 644 /TP/wp-content/upgrade/theme-tp/theme-tp/template-parts/content.php: Permission denied in /opt/lampp/htdocs/TP/wp-admin/includes/class-wp-filesystem-ftpext.php on line 288
[13-Mar-2021 18:25:00 UTC] PHP Warning:  ftp_chmod(): CHMOD 644 /TP/wp-content/upgrade/theme-tp/theme-tp/template-parts/content-none.php: Permission denied in /opt/lampp/htdocs/TP/wp-admin/includes/class-wp-filesystem-ftpext.php on line 288
[13-Mar-2021 18:25:00 UTC] PHP Warning:  ftp_chmod(): CHMOD 644 /TP/wp-content/upgrade/theme-tp/theme-tp/js/customizer.js: Permission denied in /opt/lampp/htdocs/TP/wp-admin/includes/class-wp-filesystem-ftpext.php on line 288
[13-Mar-2021 18:25:00 UTC] PHP Warning:  ftp_chmod(): CHMOD 644 /TP/wp-content/upgrade/theme-tp/theme-tp/js/navigation.js: Permission denied in /opt/lampp/htdocs/TP/wp-admin/includes/class-wp-filesystem-ftpext.php on line 288
[13-Mar-2021 18:25:00 UTC] PHP Warning:  ftp_chmod(): CHMOD 644 /TP/wp-content/upgrade/theme-tp/theme-tp/phpcs.xml.dist: Permission denied in /opt/lampp/htdocs/TP/wp-admin/includes/class-wp-filesystem-ftpext.php on line 288
[13-Mar-2021 18:25:00 UTC] PHP Warning:  ftp_chmod(): CHMOD 644 /TP/wp-content/upgrade/theme-tp/theme-tp/package.json: Permission denied in /opt/lampp/htdocs/TP/wp-admin/includes/class-wp-filesystem-ftpext.php on line 288
[13-Mar-2021 18:25:00 UTC] PHP Warning:  ftp_chmod(): CHMOD 644 /TP/wp-content/upgrade/theme-tp/theme-tp/screenshot.png: Permission denied in /opt/lampp/htdocs/TP/wp-admin/includes/class-wp-filesystem-ftpext.php on line 288
[13-Mar-2021 18:25:00 UTC] PHP Warning:  ftp_chmod(): CHMOD 644 /TP/wp-content/upgrade/theme-tp/theme-tp/comments.php: Permission denied in /opt/lampp/htdocs/TP/wp-admin/includes/class-wp-filesystem-ftpext.php on line 288
[13-Mar-2021 18:25:00 UTC] PHP Warning:  ftp_chmod(): CHMOD 644 /TP/wp-content/upgrade/theme-tp/theme-tp/single.php: Permission denied in /opt/lampp/htdocs/TP/wp-admin/includes/class-wp-filesystem-ftpext.php on line 288
[13-Mar-2021 18:25:00 UTC] PHP Warning:  ftp_chmod(): CHMOD 644 /TP/wp-content/upgrade/theme-tp/theme-tp/footer.php: Permission denied in /opt/lampp/htdocs/TP/wp-admin/includes/class-wp-filesystem-ftpext.php on line 288
[13-Mar-2021 18:25:00 UTC] PHP Warning:  ftp_chmod(): CHMOD 644 /TP/wp-content/upgrade/theme-tp/theme-tp/readme.txt: Permission denied in /opt/lampp/htdocs/TP/wp-admin/includes/class-wp-filesystem-ftpext.php on line 288
[13-Mar-2021 18:25:00 UTC] PHP Warning:  ftp_chmod(): CHMOD 644 /TP/wp-content/upgrade/theme-tp/theme-tp/inc/customizer.php: Permission denied in /opt/lampp/htdocs/TP/wp-admin/includes/class-wp-filesystem-ftpext.php on line 288
[13-Mar-2021 18:25:00 UTC] PHP Warning:  ftp_chmod(): CHMOD 644 /TP/wp-content/upgrade/theme-tp/theme-tp/inc/custom-header.php: Permission denied in /opt/lampp/htdocs/TP/wp-admin/includes/class-wp-filesystem-ftpext.php on line 288
[13-Mar-2021 18:25:00 UTC] PHP Warning:  ftp_chmod(): CHMOD 644 /TP/wp-content/upgrade/theme-tp/theme-tp/inc/jetpack.php: Permission denied in /opt/lampp/htdocs/TP/wp-admin/includes/class-wp-filesystem-ftpext.php on line 288
[13-Mar-2021 18:25:00 UTC] PHP Warning:  ftp_chmod(): CHMOD 644 /TP/wp-content/upgrade/theme-tp/theme-tp/inc/template-tags.php: Permission denied in /opt/lampp/htdocs/TP/wp-admin/includes/class-wp-filesystem-ftpext.php on line 288
[13-Mar-2021 18:25:00 UTC] PHP Warning:  ftp_chmod(): CHMOD 644 /TP/wp-content/upgrade/theme-tp/theme-tp/inc/template-functions.php: Permission denied in /opt/lampp/htdocs/TP/wp-admin/includes/class-wp-filesystem-ftpext.php on line 288
[13-Mar-2021 18:25:00 UTC] PHP Warning:  ftp_chmod(): CHMOD 644 /TP/wp-content/upgrade/theme-tp/theme-tp/header.php: Permission denied in /opt/lampp/htdocs/TP/wp-admin/includes/class-wp-filesystem-ftpext.php on line 288
[13-Mar-2021 18:25:00 UTC] PHP Warning:  ftp_chmod(): CHMOD 644 /TP/wp-content/upgrade/theme-tp/theme-tp/functions.php: Permission denied in /opt/lampp/htdocs/TP/wp-admin/includes/class-wp-filesystem-ftpext.php on line 288
[13-Mar-2021 18:25:00 UTC] PHP Warning:  ftp_chmod(): CHMOD 644 /TP/wp-content/upgrade/theme-tp/theme-tp/index.php: Permission denied in /opt/lampp/htdocs/TP/wp-admin/includes/class-wp-filesystem-ftpext.php on line 288
[13-Mar-2021 18:25:00 UTC] PHP Warning:  ftp_chmod(): CHMOD 644 /TP/wp-content/upgrade/theme-tp/theme-tp/style.css: Permission denied in /opt/lampp/htdocs/TP/wp-admin/includes/class-wp-filesystem-ftpext.php on line 288
[13-Mar-2021 18:25:00 UTC] PHP Warning:  ftp_chmod(): CHMOD 644 /TP/wp-content/upgrade/theme-tp/theme-tp/LICENSE: Permission denied in /opt/lampp/htdocs/TP/wp-admin/includes/class-wp-filesystem-ftpext.php on line 288
[13-Mar-2021 18:25:00 UTC] PHP Warning:  ftp_chmod(): CHMOD 644 /TP/wp-content/upgrade/theme-tp/theme-tp/style-rtl.css: Permission denied in /opt/lampp/htdocs/TP/wp-admin/includes/class-wp-filesystem-ftpext.php on line 288
[13-Mar-2021 18:25:00 UTC] PHP Warning:  ftp_chmod(): CHMOD 644 /TP/wp-content/upgrade/theme-tp/theme-tp/search.php: Permission denied in /opt/lampp/htdocs/TP/wp-admin/includes/class-wp-filesystem-ftpext.php on line 288
[13-Mar-2021 18:25:00 UTC] PHP Warning:  ftp_chmod(): CHMOD 644 /TP/wp-content/upgrade/theme-tp/theme-tp/404.php: Permission denied in /opt/lampp/htdocs/TP/wp-admin/includes/class-wp-filesystem-ftpext.php on line 288
[13-Mar-2021 18:25:00 UTC] PHP Warning:  ftp_chmod(): CHMOD 644 /TP/wp-content/upgrade/theme-tp/theme-tp/sidebar.php: Permission denied in /opt/lampp/htdocs/TP/wp-admin/includes/class-wp-filesystem-ftpext.php on line 288
[13-Mar-2021 18:25:00 UTC] PHP Warning:  ftp_chmod(): CHMOD 777 /TP/wp-content/themes/theme-tp: Permission denied in /opt/lampp/htdocs/TP/wp-admin/includes/class-wp-filesystem-ftpext.php on line 288
[13-Mar-2021 18:25:00 UTC] PHP Warning:  ftp_chmod(): CHMOD 644 /TP/wp-content/themes/theme-tp/.eslintrc: Permission denied in /opt/lampp/htdocs/TP/wp-admin/includes/class-wp-filesystem-ftpext.php on line 288
[13-Mar-2021 18:25:00 UTC] PHP Warning:  ftp_chmod(): CHMOD 644 /TP/wp-content/themes/theme-tp/.stylelintrc.json: Permission denied in /opt/lampp/htdocs/TP/wp-admin/includes/class-wp-filesystem-ftpext.php on line 288
[13-Mar-2021 18:25:00 UTC] PHP Warning:  ftp_chmod(): CHMOD 644 /TP/wp-content/themes/theme-tp/404.php: Permission denied in /opt/lampp/htdocs/TP/wp-admin/includes/class-wp-filesystem-ftpext.php on line 288
[13-Mar-2021 18:25:00 UTC] PHP Warning:  ftp_chmod(): CHMOD 644 /TP/wp-content/themes/theme-tp/LICENSE: Permission denied in /opt/lampp/htdocs/TP/wp-admin/includes/class-wp-filesystem-ftpext.php on line 288
[13-Mar-2021 18:25:00 UTC] PHP Warning:  ftp_chmod(): CHMOD 644 /TP/wp-content/themes/theme-tp/README.md: Permission denied in /opt/lampp/htdocs/TP/wp-admin/includes/class-wp-filesystem-ftpext.php on line 288
[13-Mar-2021 18:25:00 UTC] PHP Warning:  ftp_chmod(): CHMOD 644 /TP/wp-content/themes/theme-tp/archive.php: Permission denied in /opt/lampp/htdocs/TP/wp-admin/includes/class-wp-filesystem-ftpext.php on line 288
[13-Mar-2021 18:25:00 UTC] PHP Warning:  ftp_chmod(): CHMOD 644 /TP/wp-content/themes/theme-tp/comments.php: Permission denied in /opt/lampp/htdocs/TP/wp-admin/includes/class-wp-filesystem-ftpext.php on line 288
[13-Mar-2021 18:25:00 UTC] PHP Warning:  ftp_chmod(): CHMOD 644 /TP/wp-content/themes/theme-tp/composer.json: Permission denied in /opt/lampp/htdocs/TP/wp-admin/includes/class-wp-filesystem-ftpext.php on line 288
[13-Mar-2021 18:25:00 UTC] PHP Warning:  ftp_chmod(): CHMOD 644 /TP/wp-content/themes/theme-tp/footer.php: Permission denied in /opt/lampp/htdocs/TP/wp-admin/includes/class-wp-filesystem-ftpext.php on line 288
[13-Mar-2021 18:25:00 UTC] PHP Warning:  ftp_chmod(): CHMOD 644 /TP/wp-content/themes/theme-tp/functions.php: Permission denied in /opt/lampp/htdocs/TP/wp-admin/includes/class-wp-filesystem-ftpext.php on line 288
[13-Mar-2021 18:25:00 UTC] PHP Warning:  ftp_chmod(): CHMOD 644 /TP/wp-content/themes/theme-tp/header.php: Permission denied in /opt/lampp/htdocs/TP/wp-admin/includes/class-wp-filesystem-ftpext.php on line 288
[13-Mar-2021 18:25:00 UTC] PHP Warning:  ftp_chmod(): CHMOD 777 /TP/wp-content/themes/theme-tp/inc: Permission denied in /opt/lampp/htdocs/TP/wp-admin/includes/class-wp-filesystem-ftpext.php on line 288
[13-Mar-2021 18:25:00 UTC] PHP Warning:  ftp_chmod(): CHMOD 644 /TP/wp-content/themes/theme-tp/inc/custom-header.php: Permission denied in /opt/lampp/htdocs/TP/wp-admin/includes/class-wp-filesystem-ftpext.php on line 288
[13-Mar-2021 18:25:00 UTC] PHP Warning:  ftp_chmod(): CHMOD 644 /TP/wp-content/themes/theme-tp/inc/customizer.php: Permission denied in /opt/lampp/htdocs/TP/wp-admin/includes/class-wp-filesystem-ftpext.php on line 288
[13-Mar-2021 18:25:00 UTC] PHP Warning:  ftp_chmod(): CHMOD 644 /TP/wp-content/themes/theme-tp/inc/jetpack.php: Permission denied in /opt/lampp/htdocs/TP/wp-admin/includes/class-wp-filesystem-ftpext.php on line 288
[13-Mar-2021 18:25:00 UTC] PHP Warning:  ftp_chmod(): CHMOD 644 /TP/wp-content/themes/theme-tp/inc/template-functions.php: Permission denied in /opt/lampp/htdocs/TP/wp-admin/includes/class-wp-filesystem-ftpext.php on line 288
[13-Mar-2021 18:25:00 UTC] PHP Warning:  ftp_chmod(): CHMOD 644 /TP/wp-content/themes/theme-tp/inc/template-tags.php: Permission denied in /opt/lampp/htdocs/TP/wp-admin/includes/class-wp-filesystem-ftpext.php on line 288
[13-Mar-2021 18:25:00 UTC] PHP Warning:  ftp_chmod(): CHMOD 644 /TP/wp-content/themes/theme-tp/index.php: Permission denied in /opt/lampp/htdocs/TP/wp-admin/includes/class-wp-filesystem-ftpext.php on line 288
[13-Mar-2021 18:25:00 UTC] PHP Warning:  ftp_chmod(): CHMOD 777 /TP/wp-content/themes/theme-tp/js: Permission denied in /opt/lampp/htdocs/TP/wp-admin/includes/class-wp-filesystem-ftpext.php on line 288
[13-Mar-2021 18:25:00 UTC] PHP Warning:  ftp_chmod(): CHMOD 644 /TP/wp-content/themes/theme-tp/js/customizer.js: Permission denied in /opt/lampp/htdocs/TP/wp-admin/includes/class-wp-filesystem-ftpext.php on line 288
[13-Mar-2021 18:25:00 UTC] PHP Warning:  ftp_chmod(): CHMOD 644 /TP/wp-content/themes/theme-tp/js/navigation.js: Permission denied in /opt/lampp/htdocs/TP/wp-admin/includes/class-wp-filesystem-ftpext.php on line 288
[13-Mar-2021 18:25:00 UTC] PHP Warning:  ftp_chmod(): CHMOD 777 /TP/wp-content/themes/theme-tp/languages: Permission denied in /opt/lampp/htdocs/TP/wp-admin/includes/class-wp-filesystem-ftpext.php on line 288
[13-Mar-2021 18:25:00 UTC] PHP Warning:  ftp_chmod(): CHMOD 644 /TP/wp-content/themes/theme-tp/languages/readme.txt: Permission denied in /opt/lampp/htdocs/TP/wp-admin/includes/class-wp-filesystem-ftpext.php on line 288
[13-Mar-2021 18:25:00 UTC] PHP Warning:  ftp_chmod(): CHMOD 644 /TP/wp-content/themes/theme-tp/languages/theme-tp.pot: Permission denied in /opt/lampp/htdocs/TP/wp-admin/includes/class-wp-filesystem-ftpext.php on line 288
[13-Mar-2021 18:25:00 UTC] PHP Warning:  ftp_chmod(): CHMOD 644 /TP/wp-content/themes/theme-tp/package.json: Permission denied in /opt/lampp/htdocs/TP/wp-admin/includes/class-wp-filesystem-ftpext.php on line 288
[13-Mar-2021 18:25:00 UTC] PHP Warning:  ftp_chmod(): CHMOD 644 /TP/wp-content/themes/theme-tp/page.php: Permission denied in /opt/lampp/htdocs/TP/wp-admin/includes/class-wp-filesystem-ftpext.php on line 288
[13-Mar-2021 18:25:00 UTC] PHP Warning:  ftp_chmod(): CHMOD 644 /TP/wp-content/themes/theme-tp/phpcs.xml.dist: Permission denied in /opt/lampp/htdocs/TP/wp-admin/includes/class-wp-filesystem-ftpext.php on line 288
[13-Mar-2021 18:25:00 UTC] PHP Warning:  ftp_chmod(): CHMOD 644 /TP/wp-content/themes/theme-tp/readme.txt: Permission denied in /opt/lampp/htdocs/TP/wp-admin/includes/class-wp-filesystem-ftpext.php on line 288
[13-Mar-2021 18:25:00 UTC] PHP Warning:  ftp_chmod(): CHMOD 777 /TP/wp-content/themes/theme-tp/sass: Permission denied in /opt/lampp/htdocs/TP/wp-admin/includes/class-wp-filesystem-ftpext.php on line 288
[13-Mar-2021 18:25:00 UTC] PHP Warning:  ftp_chmod(): CHMOD 777 /TP/wp-content/themes/theme-tp/sass/abstracts: Permission denied in /opt/lampp/htdocs/TP/wp-admin/includes/class-wp-filesystem-ftpext.php on line 288
[13-Mar-2021 18:25:00 UTC] PHP Warning:  ftp_chmod(): CHMOD 644 /TP/wp-content/themes/theme-tp/sass/abstracts/_abstracts.scss: Permission denied in /opt/lampp/htdocs/TP/wp-admin/includes/class-wp-filesystem-ftpext.php on line 288
[13-Mar-2021 18:25:00 UTC] PHP Warning:  ftp_chmod(): CHMOD 777 /TP/wp-content/themes/theme-tp/sass/abstracts/mixins: Permission denied in /opt/lampp/htdocs/TP/wp-admin/includes/class-wp-filesystem-ftpext.php on line 288
[13-Mar-2021 18:25:00 UTC] PHP Warning:  ftp_chmod(): CHMOD 644 /TP/wp-content/themes/theme-tp/sass/abstracts/mixins/_mixins.scss: Permission denied in /opt/lampp/htdocs/TP/wp-admin/includes/class-wp-filesystem-ftpext.php on line 288
[13-Mar-2021 18:25:00 UTC] PHP Warning:  ftp_chmod(): CHMOD 777 /TP/wp-content/themes/theme-tp/sass/abstracts/variables: Permission denied in /opt/lampp/htdocs/TP/wp-admin/includes/class-wp-filesystem-ftpext.php on line 288
[13-Mar-2021 18:25:00 UTC] PHP Warning:  ftp_chmod(): CHMOD 644 /TP/wp-content/themes/theme-tp/sass/abstracts/variables/_colors.scss: Permission denied in /opt/lampp/htdocs/TP/wp-admin/includes/class-wp-filesystem-ftpext.php on line 288
[13-Mar-2021 18:25:00 UTC] PHP Warning:  ftp_chmod(): CHMOD 644 /TP/wp-content/themes/theme-tp/sass/abstracts/variables/_columns.scss: Permission denied in /opt/lampp/htdocs/TP/wp-admin/includes/class-wp-filesystem-ftpext.php on line 288
[13-Mar-2021 18:25:00 UTC] PHP Warning:  ftp_chmod(): CHMOD 644 /TP/wp-content/themes/theme-tp/sass/abstracts/variables/_structure.scss: Permission denied in /opt/lampp/htdocs/TP/wp-admin/includes/class-wp-filesystem-ftpext.php on line 288
[13-Mar-2021 18:25:00 UTC] PHP Warning:  ftp_chmod(): CHMOD 644 /TP/wp-content/themes/theme-tp/sass/abstracts/variables/_typography.scss: Permission denied in /opt/lampp/htdocs/TP/wp-admin/includes/class-wp-filesystem-ftpext.php on line 288
[13-Mar-2021 18:25:00 UTC] PHP Warning:  ftp_chmod(): CHMOD 777 /TP/wp-content/themes/theme-tp/sass/base: Permission denied in /opt/lampp/htdocs/TP/wp-admin/includes/class-wp-filesystem-ftpext.php on line 288
[13-Mar-2021 18:25:00 UTC] PHP Warning:  ftp_chmod(): CHMOD 644 /TP/wp-content/themes/theme-tp/sass/base/_base.scss: Permission denied in /opt/lampp/htdocs/TP/wp-admin/includes/class-wp-filesystem-ftpext.php on line 288
[13-Mar-2021 18:25:00 UTC] PHP Warning:  ftp_chmod(): CHMOD 777 /TP/wp-content/themes/theme-tp/sass/base/elements: Permission denied in /opt/lampp/htdocs/TP/wp-admin/includes/class-wp-filesystem-ftpext.php on line 288
[13-Mar-2021 18:25:00 UTC] PHP Warning:  ftp_chmod(): CHMOD 644 /TP/wp-content/themes/theme-tp/sass/base/elements/_body.scss: Permission denied in /opt/lampp/htdocs/TP/wp-admin/includes/class-wp-filesystem-ftpext.php on line 288
[13-Mar-2021 18:25:00 UTC] PHP Warning:  ftp_chmod(): CHMOD 644 /TP/wp-content/themes/theme-tp/sass/base/elements/_buttons.scss: Permission denied in /opt/lampp/htdocs/TP/wp-admin/includes/class-wp-filesystem-ftpext.php on line 288
[13-Mar-2021 18:25:00 UTC] PHP Warning:  ftp_chmod(): CHMOD 644 /TP/wp-content/themes/theme-tp/sass/base/elements/_fields.scss: Permission denied in /opt/lampp/htdocs/TP/wp-admin/includes/class-wp-filesystem-ftpext.php on line 288
[13-Mar-2021 18:25:00 UTC] PHP Warning:  ftp_chmod(): CHMOD 644 /TP/wp-content/themes/theme-tp/sass/base/elements/_hr.scss: Permission denied in /opt/lampp/htdocs/TP/wp-admin/includes/class-wp-filesystem-ftpext.php on line 288
[13-Mar-2021 18:25:00 UTC] PHP Warning:  ftp_chmod(): CHMOD 644 /TP/wp-content/themes/theme-tp/sass/base/elements/_links.scss: Permission denied in /opt/lampp/htdocs/TP/wp-admin/includes/class-wp-filesystem-ftpext.php on line 288
[13-Mar-2021 18:25:00 UTC] PHP Warning:  ftp_chmod(): CHMOD 644 /TP/wp-content/themes/theme-tp/sass/base/elements/_lists.scss: Permission denied in /opt/lampp/htdocs/TP/wp-admin/includes/class-wp-filesystem-ftpext.php on line 288
[13-Mar-2021 18:25:00 UTC] PHP Warning:  ftp_chmod(): CHMOD 644 /TP/wp-content/themes/theme-tp/sass/base/elements/_media.scss: Permission denied in /opt/lampp/htdocs/TP/wp-admin/includes/class-wp-filesystem-ftpext.php on line 288
[13-Mar-2021 18:25:00 UTC] PHP Warning:  ftp_chmod(): CHMOD 644 /TP/wp-content/themes/theme-tp/sass/base/elements/_tables.scss: Permission denied in /opt/lampp/htdocs/TP/wp-admin/includes/class-wp-filesystem-ftpext.php on line 288
[13-Mar-2021 18:25:00 UTC] PHP Warning:  ftp_chmod(): CHMOD 777 /TP/wp-content/themes/theme-tp/sass/base/typography: Permission denied in /opt/lampp/htdocs/TP/wp-admin/includes/class-wp-filesystem-ftpext.php on line 288
[13-Mar-2021 18:25:00 UTC] PHP Warning:  ftp_chmod(): CHMOD 644 /TP/wp-content/themes/theme-tp/sass/base/typography/_copy.scss: Permission denied in /opt/lampp/htdocs/TP/wp-admin/includes/class-wp-filesystem-ftpext.php on line 288
[13-Mar-2021 18:25:00 UTC] PHP Warning:  ftp_chmod(): CHMOD 644 /TP/wp-content/themes/theme-tp/sass/base/typography/_headings.scss: Permission denied in /opt/lampp/htdocs/TP/wp-admin/includes/class-wp-filesystem-ftpext.php on line 288
[13-Mar-2021 18:25:00 UTC] PHP Warning:  ftp_chmod(): CHMOD 644 /TP/wp-content/themes/theme-tp/sass/base/typography/_typography.scss: Permission denied in /opt/lampp/htdocs/TP/wp-admin/includes/class-wp-filesystem-ftpext.php on line 288
[13-Mar-2021 18:25:00 UTC] PHP Warning:  ftp_chmod(): CHMOD 777 /TP/wp-content/themes/theme-tp/sass/components: Permission denied in /opt/lampp/htdocs/TP/wp-admin/includes/class-wp-filesystem-ftpext.php on line 288
[13-Mar-2021 18:25:00 UTC] PHP Warning:  ftp_chmod(): CHMOD 644 /TP/wp-content/themes/theme-tp/sass/components/_components.scss: Permission denied in /opt/lampp/htdocs/TP/wp-admin/includes/class-wp-filesystem-ftpext.php on line 288
[13-Mar-2021 18:25:00 UTC] PHP Warning:  ftp_chmod(): CHMOD 777 /TP/wp-content/themes/theme-tp/sass/components/comments: Permission denied in /opt/lampp/htdocs/TP/wp-admin/includes/class-wp-filesystem-ftpext.php on line 288
[13-Mar-2021 18:25:00 UTC] PHP Warning:  ftp_chmod(): CHMOD 644 /TP/wp-content/themes/theme-tp/sass/components/comments/_comments.scss: Permission denied in /opt/lampp/htdocs/TP/wp-admin/includes/class-wp-filesystem-ftpext.php on line 288
[13-Mar-2021 18:25:00 UTC] PHP Warning:  ftp_chmod(): CHMOD 777 /TP/wp-content/themes/theme-tp/sass/components/content: Permission denied in /opt/lampp/htdocs/TP/wp-admin/includes/class-wp-filesystem-ftpext.php on line 288
[13-Mar-2021 18:25:00 UTC] PHP Warning:  ftp_chmod(): CHMOD 644 /TP/wp-content/themes/theme-tp/sass/components/content/_posts-and-pages.scss: Permission denied in /opt/lampp/htdocs/TP/wp-admin/includes/class-wp-filesystem-ftpext.php on line 288
[13-Mar-2021 18:25:00 UTC] PHP Warning:  ftp_chmod(): CHMOD 777 /TP/wp-content/themes/theme-tp/sass/components/media: Permission denied in /opt/lampp/htdocs/TP/wp-admin/includes/class-wp-filesystem-ftpext.php on line 288
[13-Mar-2021 18:25:00 UTC] PHP Warning:  ftp_chmod(): CHMOD 644 /TP/wp-content/themes/theme-tp/sass/components/media/_captions.scss: Permission denied in /opt/lampp/htdocs/TP/wp-admin/includes/class-wp-filesystem-ftpext.php on line 288
[13-Mar-2021 18:25:00 UTC] PHP Warning:  ftp_chmod(): CHMOD 644 /TP/wp-content/themes/theme-tp/sass/components/media/_galleries.scss: Permission denied in /opt/lampp/htdocs/TP/wp-admin/includes/class-wp-filesystem-ftpext.php on line 288
[13-Mar-2021 18:25:00 UTC] PHP Warning:  ftp_chmod(): CHMOD 644 /TP/wp-content/themes/theme-tp/sass/components/media/_media.scss: Permission denied in /opt/lampp/htdocs/TP/wp-admin/includes/class-wp-filesystem-ftpext.php on line 288
[13-Mar-2021 18:25:00 UTC] PHP Warning:  ftp_chmod(): CHMOD 777 /TP/wp-content/themes/theme-tp/sass/components/navigation: Permission denied in /opt/lampp/htdocs/TP/wp-admin/includes/class-wp-filesystem-ftpext.php on line 288
[13-Mar-2021 18:25:00 UTC] PHP Warning:  ftp_chmod(): CHMOD 644 /TP/wp-content/themes/theme-tp/sass/components/navigation/_navigation.scss: Permission denied in /opt/lampp/htdocs/TP/wp-admin/includes/class-wp-filesystem-ftpext.php on line 288
[13-Mar-2021 18:25:00 UTC] PHP Warning:  ftp_chmod(): CHMOD 777 /TP/wp-content/themes/theme-tp/sass/components/widgets: Permission denied in /opt/lampp/htdocs/TP/wp-admin/includes/class-wp-filesystem-ftpext.php on line 288
[13-Mar-2021 18:25:00 UTC] PHP Warning:  ftp_chmod(): CHMOD 644 /TP/wp-content/themes/theme-tp/sass/components/widgets/_widgets.scss: Permission denied in /opt/lampp/htdocs/TP/wp-admin/includes/class-wp-filesystem-ftpext.php on line 288
[13-Mar-2021 18:25:00 UTC] PHP Warning:  ftp_chmod(): CHMOD 777 /TP/wp-content/themes/theme-tp/sass/generic: Permission denied in /opt/lampp/htdocs/TP/wp-admin/includes/class-wp-filesystem-ftpext.php on line 288
[13-Mar-2021 18:25:00 UTC] PHP Warning:  ftp_chmod(): CHMOD 644 /TP/wp-content/themes/theme-tp/sass/generic/_box-sizing.scss: Permission denied in /opt/lampp/htdocs/TP/wp-admin/includes/class-wp-filesystem-ftpext.php on line 288
[13-Mar-2021 18:25:00 UTC] PHP Warning:  ftp_chmod(): CHMOD 644 /TP/wp-content/themes/theme-tp/sass/generic/_normalize.scss: Permission denied in /opt/lampp/htdocs/TP/wp-admin/includes/class-wp-filesystem-ftpext.php on line 288
[13-Mar-2021 18:25:00 UTC] PHP Warning:  ftp_chmod(): CHMOD 777 /TP/wp-content/themes/theme-tp/sass/layouts: Permission denied in /opt/lampp/htdocs/TP/wp-admin/includes/class-wp-filesystem-ftpext.php on line 288
[13-Mar-2021 18:25:00 UTC] PHP Warning:  ftp_chmod(): CHMOD 644 /TP/wp-content/themes/theme-tp/sass/layouts/_content-sidebar.scss: Permission denied in /opt/lampp/htdocs/TP/wp-admin/includes/class-wp-filesystem-ftpext.php on line 288
[13-Mar-2021 18:25:00 UTC] PHP Warning:  ftp_chmod(): CHMOD 644 /TP/wp-content/themes/theme-tp/sass/layouts/_no-sidebar.scss: Permission denied in /opt/lampp/htdocs/TP/wp-admin/includes/class-wp-filesystem-ftpext.php on line 288
[13-Mar-2021 18:25:00 UTC] PHP Warning:  ftp_chmod(): CHMOD 644 /TP/wp-content/themes/theme-tp/sass/layouts/_sidebar-content.scss: Permission denied in /opt/lampp/htdocs/TP/wp-admin/includes/class-wp-filesystem-ftpext.php on line 288
[13-Mar-2021 18:25:00 UTC] PHP Warning:  ftp_chmod(): CHMOD 777 /TP/wp-content/themes/theme-tp/sass/plugins: Permission denied in /opt/lampp/htdocs/TP/wp-admin/includes/class-wp-filesystem-ftpext.php on line 288
[13-Mar-2021 18:25:00 UTC] PHP Warning:  ftp_chmod(): CHMOD 777 /TP/wp-content/themes/theme-tp/sass/plugins/jetpack: Permission denied in /opt/lampp/htdocs/TP/wp-admin/includes/class-wp-filesystem-ftpext.php on line 288
[13-Mar-2021 18:25:00 UTC] PHP Warning:  ftp_chmod(): CHMOD 644 /TP/wp-content/themes/theme-tp/sass/plugins/jetpack/_infinite-scroll.scss: Permission denied in /opt/lampp/htdocs/TP/wp-admin/includes/class-wp-filesystem-ftpext.php on line 288
[13-Mar-2021 18:25:00 UTC] PHP Warning:  ftp_chmod(): CHMOD 777 /TP/wp-content/themes/theme-tp/sass/plugins/woocommerce: Permission denied in /opt/lampp/htdocs/TP/wp-admin/includes/class-wp-filesystem-ftpext.php on line 288
[13-Mar-2021 18:25:00 UTC] PHP Warning:  ftp_chmod(): CHMOD 644 /TP/wp-content/themes/theme-tp/sass/plugins/woocommerce/_checkout.scss: Permission denied in /opt/lampp/htdocs/TP/wp-admin/includes/class-wp-filesystem-ftpext.php on line 288
[13-Mar-2021 18:25:00 UTC] PHP Warning:  ftp_chmod(): CHMOD 644 /TP/wp-content/themes/theme-tp/sass/plugins/woocommerce/_components.scss: Permission denied in /opt/lampp/htdocs/TP/wp-admin/includes/class-wp-filesystem-ftpext.php on line 288
[13-Mar-2021 18:25:00 UTC] PHP Warning:  ftp_chmod(): CHMOD 644 /TP/wp-content/themes/theme-tp/sass/plugins/woocommerce/_products.scss: Permission denied in /opt/lampp/htdocs/TP/wp-admin/includes/class-wp-filesystem-ftpext.php on line 288
[13-Mar-2021 18:25:00 UTC] PHP Warning:  ftp_chmod(): CHMOD 644 /TP/wp-content/themes/theme-tp/sass/plugins/woocommerce/_single-product.scss: Permission denied in /opt/lampp/htdocs/TP/wp-admin/includes/class-wp-filesystem-ftpext.php on line 288
[13-Mar-2021 18:25:00 UTC] PHP Warning:  ftp_chmod(): CHMOD 644 /TP/wp-content/themes/theme-tp/sass/plugins/woocommerce/_tables.scss: Permission denied in /opt/lampp/htdocs/TP/wp-admin/includes/class-wp-filesystem-ftpext.php on line 288
[13-Mar-2021 18:25:00 UTC] PHP Warning:  ftp_chmod(): CHMOD 644 /TP/wp-content/themes/theme-tp/sass/plugins/woocommerce/_widgets.scss: Permission denied in /opt/lampp/htdocs/TP/wp-admin/includes/class-wp-filesystem-ftpext.php on line 288
[13-Mar-2021 18:25:00 UTC] PHP Warning:  ftp_chmod(): CHMOD 644 /TP/wp-content/themes/theme-tp/sass/style.scss: Permission denied in /opt/lampp/htdocs/TP/wp-admin/includes/class-wp-filesystem-ftpext.php on line 288
[13-Mar-2021 18:25:00 UTC] PHP Warning:  ftp_chmod(): CHMOD 777 /TP/wp-content/themes/theme-tp/sass/utilities: Permission denied in /opt/lampp/htdocs/TP/wp-admin/includes/class-wp-filesystem-ftpext.php on line 288
[13-Mar-2021 18:25:00 UTC] PHP Warning:  ftp_chmod(): CHMOD 644 /TP/wp-content/themes/theme-tp/sass/utilities/_accessibility.scss: Permission denied in /opt/lampp/htdocs/TP/wp-admin/includes/class-wp-filesystem-ftpext.php on line 288
[13-Mar-2021 18:25:00 UTC] PHP Warning:  ftp_chmod(): CHMOD 644 /TP/wp-content/themes/theme-tp/sass/utilities/_alignments.scss: Permission denied in /opt/lampp/htdocs/TP/wp-admin/includes/class-wp-filesystem-ftpext.php on line 288
[13-Mar-2021 18:25:00 UTC] PHP Warning:  ftp_chmod(): CHMOD 644 /TP/wp-content/themes/theme-tp/screenshot.png: Permission denied in /opt/lampp/htdocs/TP/wp-admin/includes/class-wp-filesystem-ftpext.php on line 288
[13-Mar-2021 18:25:00 UTC] PHP Warning:  ftp_chmod(): CHMOD 644 /TP/wp-content/themes/theme-tp/search.php: Permission denied in /opt/lampp/htdocs/TP/wp-admin/includes/class-wp-filesystem-ftpext.php on line 288
[13-Mar-2021 18:25:00 UTC] PHP Warning:  ftp_chmod(): CHMOD 644 /TP/wp-content/themes/theme-tp/sidebar.php: Permission denied in /opt/lampp/htdocs/TP/wp-admin/includes/class-wp-filesystem-ftpext.php on line 288
[13-Mar-2021 18:25:00 UTC] PHP Warning:  ftp_chmod(): CHMOD 644 /TP/wp-content/themes/theme-tp/single.php: Permission denied in /opt/lampp/htdocs/TP/wp-admin/includes/class-wp-filesystem-ftpext.php on line 288
[13-Mar-2021 18:25:00 UTC] PHP Warning:  ftp_chmod(): CHMOD 644 /TP/wp-content/themes/theme-tp/style-rtl.css: Permission denied in /opt/lampp/htdocs/TP/wp-admin/includes/class-wp-filesystem-ftpext.php on line 288
[13-Mar-2021 18:25:00 UTC] PHP Warning:  ftp_chmod(): CHMOD 644 /TP/wp-content/themes/theme-tp/style.css: Permission denied in /opt/lampp/htdocs/TP/wp-admin/includes/class-wp-filesystem-ftpext.php on line 288
[13-Mar-2021 18:25:00 UTC] PHP Warning:  ftp_chmod(): CHMOD 777 /TP/wp-content/themes/theme-tp/template-parts: Permission denied in /opt/lampp/htdocs/TP/wp-admin/includes/class-wp-filesystem-ftpext.php on line 288
[13-Mar-2021 18:25:00 UTC] PHP Warning:  ftp_chmod(): CHMOD 644 /TP/wp-content/themes/theme-tp/template-parts/content-none.php: Permission denied in /opt/lampp/htdocs/TP/wp-admin/includes/class-wp-filesystem-ftpext.php on line 288
[13-Mar-2021 18:25:00 UTC] PHP Warning:  ftp_chmod(): CHMOD 644 /TP/wp-content/themes/theme-tp/template-parts/content-page.php: Permission denied in /opt/lampp/htdocs/TP/wp-admin/includes/class-wp-filesystem-ftpext.php on line 288
[13-Mar-2021 18:25:00 UTC] PHP Warning:  ftp_chmod(): CHMOD 644 /TP/wp-content/themes/theme-tp/template-parts/content-search.php: Permission denied in /opt/lampp/htdocs/TP/wp-admin/includes/class-wp-filesystem-ftpext.php on line 288
[13-Mar-2021 18:25:00 UTC] PHP Warning:  ftp_chmod(): CHMOD 644 /TP/wp-content/themes/theme-tp/template-parts/content.php: Permission denied in /opt/lampp/htdocs/TP/wp-admin/includes/class-wp-filesystem-ftpext.php on line 288
